[2026/01/29 周四 17:04:40.14] 开始执行同步 
>>> [Init] 数据库初始化完成
[17:04:40] >>> 开始执行【精准深度】同步任务...
    [Token] OK
Traceback (most recent call last):
  File "C:\BudgetProject\sync_worker.py", line 211, in <module>
    sync_data()
  File "C:\BudgetProject\sync_worker.py", line 154, in sync_data
    print(f"\n>>> \U0001f3af 同步: {b_name} (最大层级: {target_depth})")
UnicodeEncodeError: 'gbk' codec can't encode character '\U0001f3af' in position 6: illegal multibyte sequence
[2026/01/29 周四 17:04:41.72] 执行结束 
[2026/01/29 周四 17:42:37.95] 开始执行同步 
>>> [Init] 数据库初始化完成
[17:42:38] >>> 开始执行【精准深度】同步任务...
    [Token] OK

>>>同步: 2026板块预算包 (最大层级: 1)
    [Layer 0 -> 1] 正在处理 1 个父节点...
    -> 2026板块预算包 完成。

>>>同步: 2026成本中心预算 (最大层级: 3)
    [Layer 0 -> 1] 正在处理 1 个父节点...
    [Layer 1 -> 2] 正在处理 51 个父节点...
    [Layer 2 -> 3] 正在处理 163 个父节点...
    -> 2026成本中心预算 完成。

>>>同步: 项目预算包 (最大层级: 1)
    [Layer 0 -> 1] 正在处理 1 个父节点...
    -> 项目预算包 完成。

[17:43:52] >>> 全部完成！
[2026/01/29 周四 17:43:52.37] 执行结束 
[2026/01/29 周四 17:48:29.97] 开始执行同步 
>>> [Init] DB Init Success
[17:48:30] >>> Start Sync Task...
    [Token] OK
    [Reset] Clearing old data...
    [Skip] 跳过: 2026板块预算包
    [Skip] 跳过: 2025板块预算包

>>> [Target] 同步: 2026成本中心预算 (Level: 3)
    [Layer 0 -> 1] Processing 1 nodes...
    [Layer 1 -> 2] Processing 51 nodes...
    [Layer 2 -> 3] Processing 163 nodes...
    -> 2026成本中心预算 Done.

>>> [Target] 同步: 项目预算包 (Level: 1)
    [Layer 0 -> 1] Processing 1 nodes...
    -> 项目预算包 Done.
    [Skip] 跳过: 2025成本中心预算

[17:49:52] >>> ALL DONE! Nodes: 216
[2026/01/29 周四 17:49:52.26] 执行结束 
[2026/01/30 周五  2:00:00.26] 开始执行同步 
>>> [Init] DB Init Success
[02:00:00] >>> Start Sync Task...
    [Token] OK
    [Reset] Clearing old data...
    [Skip] 跳过: 2026板块预算包
    [Skip] 跳过: 2025板块预算包

>>> [Target] 同步: 2026成本中心预算 (Level: 3)
    [Layer 0 -> 1] Processing 1 nodes...
    [Layer 1 -> 2] Processing 51 nodes...
    [Layer 2 -> 3] Processing 163 nodes...
    -> 2026成本中心预算 Done.

>>> [Target] 同步: 项目预算包 (Level: 1)
    [Layer 0 -> 1] Processing 1 nodes...
    -> 项目预算包 Done.
    [Skip] 跳过: 2025成本中心预算

[02:01:25] >>> ALL DONE! Nodes: 216
[2026/01/30 周五  2:01:25.99] 执行结束 
[2026/01/31 周六  2:00:00.30] 开始执行同步 
>>> [Init] DB Init Success
[02:00:00] >>> Start Sync Task...
    [Token] OK
    [Reset] Clearing old data...
    [Skip] 跳过: 2026板块预算包
    [Skip] 跳过: 2025板块预算包

>>> [Target] 同步: 2026成本中心预算 (Level: 3)
    [Layer 0 -> 1] Processing 1 nodes...
    [Layer 1 -> 2] Processing 51 nodes...
    [Layer 2 -> 3] Processing 163 nodes...
    -> 2026成本中心预算 Done.

>>> [Target] 同步: 项目预算包 (Level: 1)
    [Layer 0 -> 1] Processing 1 nodes...
    -> 项目预算包 Done.
    [Skip] 跳过: 2025成本中心预算

[02:01:38] >>> ALL DONE! Nodes: 216
[2026/01/31 周六  2:01:38.55] 执行结束 
[2026/02/01 周日  2:00:00.41] 开始执行同步 
>>> [Init] DB Init Success
[02:00:00] >>> Start Sync Task...
    [Token] OK
    [Reset] Clearing old data...
    [Skip] 跳过: 2026板块预算包
    [Skip] 跳过: 2025板块预算包

>>> [Target] 同步: 2026成本中心预算 (Level: 3)
    [Layer 0 -> 1] Processing 1 nodes...
    [Layer 1 -> 2] Processing 51 nodes...
    [Layer 2 -> 3] Processing 163 nodes...
    -> 2026成本中心预算 Done.

>>> [Target] 同步: 项目预算包 (Level: 1)
    [Layer 0 -> 1] Processing 1 nodes...
    -> 项目预算包 Done.
    [Skip] 跳过: 2025成本中心预算

[02:01:49] >>> ALL DONE! Nodes: 216
[2026/02/01 周日  2:01:49.83] 执行结束 
[2026/02/02 周一  2:00:00.42] 开始执行同步 
>>> [Init] DB Init Success
[02:00:00] >>> Start Sync Task...
    [Token] OK
    [Reset] Clearing old data...
    [Skip] 跳过: 2026板块预算包
    [Skip] 跳过: 2025板块预算包

>>> [Target] 同步: 2026成本中心预算 (Level: 3)
    [Layer 0 -> 1] Processing 1 nodes...
    [Layer 1 -> 2] Processing 51 nodes...
    [Layer 2 -> 3] Processing 163 nodes...
    -> 2026成本中心预算 Done.

>>> [Target] 同步: 项目预算包 (Level: 1)
    [Layer 0 -> 1] Processing 1 nodes...
    -> 项目预算包 Done.
    [Skip] 跳过: 2025成本中心预算

[02:01:36] >>> ALL DONE! Nodes: 216
[2026/02/02 周一  2:01:36.40] 执行结束 
[2026/02/03 周二  2:00:00.52] 开始执行同步 
>>> [Init] DB Init Success
[02:00:00] >>> Start Sync Task...
    [Token] OK
    [Reset] Clearing old data...
    [Skip] 跳过: 2026板块预算包
    [Skip] 跳过: 2025板块预算包

>>> [Target] 同步: 2026成本中心预算 (Level: 3)
    [Layer 0 -> 1] Processing 1 nodes...
    [Layer 1 -> 2] Processing 51 nodes...
    [Layer 2 -> 3] Processing 163 nodes...
    -> 2026成本中心预算 Done.

>>> [Target] 同步: 项目预算包 (Level: 1)
    [Layer 0 -> 1] Processing 1 nodes...
    -> 项目预算包 Done.
    [Skip] 跳过: 2025成本中心预算

[02:01:51] >>> ALL DONE! Nodes: 216
[2026/02/03 周二  2:01:51.04] 执行结束 
[2026/02/04 周三  2:00:00.52] 开始执行同步 
>>> [Init] DB Init Success
[02:00:00] >>> Start Sync Task...
    [Token] OK
    [Reset] Clearing old data...
    [Skip] 跳过: 2026板块预算包
    [Skip] 跳过: 2025板块预算包

>>> [Target] 同步: 2026成本中心预算 (Level: 3)
    [Layer 0 -> 1] Processing 1 nodes...
    [Layer 1 -> 2] Processing 51 nodes...
    [Layer 2 -> 3] Processing 163 nodes...
    -> 2026成本中心预算 Done.

>>> [Target] 同步: 项目预算包 (Level: 1)
    [Layer 0 -> 1] Processing 1 nodes...
    -> 项目预算包 Done.
    [Skip] 跳过: 2025成本中心预算

[02:01:39] >>> ALL DONE! Nodes: 216
[2026/02/04 周三  2:01:39.90] 执行结束 
[2026/02/05 周四  2:00:00.59] 开始执行同步 
>>> [Init] DB Init Success
[02:00:00] >>> Start Sync Task...
    [Token] OK
    [Reset] Clearing old data...
    [Skip] 跳过: 2026板块预算包
    [Skip] 跳过: 2025板块预算包

>>> [Target] 同步: 2026成本中心预算 (Level: 3)
    [Layer 0 -> 1] Processing 1 nodes...
    [Layer 1 -> 2] Processing 51 nodes...
    [Layer 2 -> 3] Processing 163 nodes...
    -> 2026成本中心预算 Done.

>>> [Target] 同步: 项目预算包 (Level: 1)
    [Layer 0 -> 1] Processing 1 nodes...
    -> 项目预算包 Done.
    [Skip] 跳过: 2025成本中心预算

[02:02:08] >>> ALL DONE! Nodes: 216
[2026/02/05 周四  2:02:09.03] 执行结束 
[2026/02/06 周五  2:00:00.70] 开始执行同步 
>>> [Init] DB Init Success
[02:00:00] >>> Start Sync Task...
    [Token] OK
    [Reset] Clearing old data...
    [Skip] 跳过: 2026板块预算包
    [Skip] 跳过: 2025板块预算包

>>> [Target] 同步: 2026成本中心预算 (Level: 3)
    [Layer 0 -> 1] Processing 1 nodes...
    [Layer 1 -> 2] Processing 51 nodes...
    [Layer 2 -> 3] Processing 163 nodes...
    -> 2026成本中心预算 Done.

>>> [Target] 同步: 项目预算包 (Level: 1)
    [Layer 0 -> 1] Processing 1 nodes...
    -> 项目预算包 Done.
    [Skip] 跳过: 2025成本中心预算

[02:01:49] >>> ALL DONE! Nodes: 216
[2026/02/06 周五  2:01:49.12] 执行结束 
[2026/02/07 周六  2:00:00.76] 开始执行同步 
>>> [Init] DB Init Success
[02:00:01] >>> Start Sync Task...
    [Token] OK
    [Reset] Clearing old data...
    [Skip] 跳过: 2026板块预算包
    [Skip] 跳过: 2025板块预算包

>>> [Target] 同步: 2026成本中心预算 (Level: 3)
    [Layer 0 -> 1] Processing 1 nodes...
    [Layer 1 -> 2] Processing 51 nodes...
    [Layer 2 -> 3] Processing 163 nodes...
    -> 2026成本中心预算 Done.

>>> [Target] 同步: 项目预算包 (Level: 1)
    [Layer 0 -> 1] Processing 1 nodes...
    -> 项目预算包 Done.
    [Skip] 跳过: 2025成本中心预算

[02:02:36] >>> ALL DONE! Nodes: 216
[2026/02/07 周六  2:02:36.75] 执行结束 
[2026/02/08 周日  2:00:00.80] 开始执行同步 
>>> [Init] DB Init Success
[02:00:01] >>> Start Sync Task...
    [Token] OK
    [Reset] Clearing old data...
    [Skip] 跳过: 2026板块预算包
    [Skip] 跳过: 2025板块预算包

>>> [Target] 同步: 2026成本中心预算 (Level: 3)
    [Layer 0 -> 1] Processing 1 nodes...
    [Layer 1 -> 2] Processing 51 nodes...
    [Layer 2 -> 3] Processing 163 nodes...
    -> 2026成本中心预算 Done.

>>> [Target] 同步: 项目预算包 (Level: 1)
    [Layer 0 -> 1] Processing 1 nodes...
    -> 项目预算包 Done.
    [Skip] 跳过: 2025成本中心预算

[02:02:09] >>> ALL DONE! Nodes: 216
[2026/02/08 周日  2:02:09.86] 执行结束 
[2026/02/09 周一  2:00:00.80] 开始执行同步 
>>> [Init] DB Init Success
[02:00:01] >>> Start Sync Task...
    [Token] OK
    [Reset] Clearing old data...
    [Skip] 跳过: 2026板块预算包
    [Skip] 跳过: 2025板块预算包

>>> [Target] 同步: 2026成本中心预算 (Level: 3)
    [Layer 0 -> 1] Processing 1 nodes...
    [Layer 1 -> 2] Processing 51 nodes...
    [Layer 2 -> 3] Processing 163 nodes...
    -> 2026成本中心预算 Done.

>>> [Target] 同步: 项目预算包 (Level: 1)
    [Layer 0 -> 1] Processing 1 nodes...
    -> 项目预算包 Done.
    [Skip] 跳过: 2025成本中心预算

[02:02:24] >>> ALL DONE! Nodes: 216
[2026/02/09 周一  2:02:24.92] 执行结束 
[2026/02/10 周二  2:00:00.93] 开始执行同步 
>>> [Init] DB Init Success
[02:00:01] >>> Start Sync Task...
    [Token] OK
    [Reset] Clearing old data...
    [Skip] 跳过: 2026板块预算包
    [Skip] 跳过: 2025板块预算包

>>> [Target] 同步: 2026成本中心预算 (Level: 3)
    [Layer 0 -> 1] Processing 1 nodes...
    [Layer 1 -> 2] Processing 51 nodes...
    [Layer 2 -> 3] Processing 163 nodes...
    -> 2026成本中心预算 Done.

>>> [Target] 同步: 项目预算包 (Level: 1)
    [Layer 0 -> 1] Processing 1 nodes...
    -> 项目预算包 Done.
    [Skip] 跳过: 2025成本中心预算

[02:03:28] >>> ALL DONE! Nodes: 216
[2026/02/10 周二  2:03:28.72] 执行结束 
[2026/02/11 周三  2:00:01.02] 开始执行同步 
>>> [Init] DB Init Success
[02:00:01] >>> Start Sync Task...
    [Token] OK
    [Reset] Clearing old data...
    [Skip] 跳过: 2026板块预算包
    [Skip] 跳过: 2025板块预算包

>>> [Target] 同步: 2026成本中心预算 (Level: 3)
    [Layer 0 -> 1] Processing 1 nodes...
    [Layer 1 -> 2] Processing 51 nodes...
    [Layer 2 -> 3] Processing 163 nodes...
    -> 2026成本中心预算 Done.

>>> [Target] 同步: 项目预算包 (Level: 1)
    [Layer 0 -> 1] Processing 1 nodes...
    -> 项目预算包 Done.
    [Skip] 跳过: 2025成本中心预算

[02:05:16] >>> ALL DONE! Nodes: 216
[2026/02/11 周三  2:05:16.87] 执行结束 
[2026/02/12 周四  2:00:01.10] 开始执行同步 
>>> [Init] DB Init Success
[02:00:01] >>> Start Sync Task...
    [Token] OK
    [Reset] Clearing old data...
    [Skip] 跳过: 2026板块预算包
    [Skip] 跳过: 2025板块预算包

>>> [Target] 同步: 2026成本中心预算 (Level: 3)
    [Layer 0 -> 1] Processing 1 nodes...
    [Layer 1 -> 2] Processing 51 nodes...
    [Layer 2 -> 3] Processing 163 nodes...
    -> 2026成本中心预算 Done.

>>> [Target] 同步: 项目预算包 (Level: 1)
    [Layer 0 -> 1] Processing 1 nodes...
    -> 项目预算包 Done.
    [Skip] 跳过: 2025成本中心预算

[02:08:06] >>> ALL DONE! Nodes: 216
[2026/02/12 周四  2:08:06.41] 执行结束 
[2026/02/13 周五  2:00:00.20] 开始执行同步 
>>> [Init] DB Init Success
[02:00:00] >>> Start Sync Task...
    [Token] OK
    [Reset] Clearing old data...
    [Skip] 跳过: 2026板块预算包
    [Skip] 跳过: 2025板块预算包

>>> [Target] 同步: 2026成本中心预算 (Level: 3)
    [Layer 0 -> 1] Processing 1 nodes...
    [Layer 1 -> 2] Processing 51 nodes...
    [Layer 2 -> 3] Processing 163 nodes...
    -> 2026成本中心预算 Done.

>>> [Target] 同步: 项目预算包 (Level: 1)
    [Layer 0 -> 1] Processing 1 nodes...
    -> 项目预算包 Done.
    [Skip] 跳过: 2025成本中心预算

[02:08:16] >>> ALL DONE! Nodes: 216
[2026/02/13 周五  2:08:16.06] 执行结束 
[2026/02/14 周六  2:00:00.29] 开始执行同步 
>>> [Init] DB Init Success
[02:00:00] >>> Start Sync Task...
    [Token] OK
    [Reset] Clearing old data...
    [Skip] 跳过: 2026板块预算包
    [Skip] 跳过: 2025板块预算包

>>> [Target] 同步: 2026成本中心预算 (Level: 3)
    [Layer 0 -> 1] Processing 1 nodes...
    [Layer 1 -> 2] Processing 51 nodes...
    [Layer 2 -> 3] Processing 163 nodes...
    -> 2026成本中心预算 Done.

>>> [Target] 同步: 项目预算包 (Level: 1)
    [Layer 0 -> 1] Processing 1 nodes...
    -> 项目预算包 Done.
    [Skip] 跳过: 2025成本中心预算

[02:07:59] >>> ALL DONE! Nodes: 216
[2026/02/14 周六  2:07:59.93] 执行结束 
[2026/02/15 周日  2:00:00.41] 开始执行同步 
>>> [Init] DB Init Success
[02:00:00] >>> Start Sync Task...
    [Token] OK
    [Reset] Clearing old data...
    [Skip] 跳过: 2026板块预算包
    [Skip] 跳过: 2025板块预算包

>>> [Target] 同步: 2026成本中心预算 (Level: 3)
    [Layer 0 -> 1] Processing 1 nodes...
    [Layer 1 -> 2] Processing 51 nodes...
    [Layer 2 -> 3] Processing 163 nodes...
    -> 2026成本中心预算 Done.

>>> [Target] 同步: 项目预算包 (Level: 1)
    [Layer 0 -> 1] Processing 1 nodes...
    -> 项目预算包 Done.
    [Skip] 跳过: 2025成本中心预算

[02:08:18] >>> ALL DONE! Nodes: 216
[2026/02/15 周日  2:08:19.00] 执行结束 
[2026/02/16 周一  2:00:00.51] 开始执行同步 
>>> [Init] DB Init Success
[02:00:00] >>> Start Sync Task...
    [Token] OK
    [Reset] Clearing old data...
    [Skip] 跳过: 2026板块预算包
    [Skip] 跳过: 2025板块预算包

>>> [Target] 同步: 2026成本中心预算 (Level: 3)
    [Layer 0 -> 1] Processing 1 nodes...
    [Layer 1 -> 2] Processing 51 nodes...
    [Layer 2 -> 3] Processing 163 nodes...
    -> 2026成本中心预算 Done.

>>> [Target] 同步: 项目预算包 (Level: 1)
    [Layer 0 -> 1] Processing 1 nodes...
    -> 项目预算包 Done.
    [Skip] 跳过: 2025成本中心预算

[02:07:56] >>> ALL DONE! Nodes: 216
[2026/02/16 周一  2:07:56.54] 执行结束 
[2026/02/17 周二  2:00:00.61] 开始执行同步 
>>> [Init] DB Init Success
[02:00:00] >>> Start Sync Task...
    [Token] OK
    [Reset] Clearing old data...
    [Skip] 跳过: 2026板块预算包
    [Skip] 跳过: 2025板块预算包

>>> [Target] 同步: 2026成本中心预算 (Level: 3)
    [Layer 0 -> 1] Processing 1 nodes...
    [Layer 1 -> 2] Processing 51 nodes...
    [Layer 2 -> 3] Processing 163 nodes...
    -> 2026成本中心预算 Done.

>>> [Target] 同步: 项目预算包 (Level: 1)
    [Layer 0 -> 1] Processing 1 nodes...
    -> 项目预算包 Done.
    [Skip] 跳过: 2025成本中心预算

[02:07:46] >>> ALL DONE! Nodes: 216
[2026/02/17 周二  2:07:46.57] 执行结束 
[2026/02/18 周三  2:00:00.68] 开始执行同步 
>>> [Init] DB Init Success
[02:00:00] >>> Start Sync Task...
    [Token] OK
    [Reset] Clearing old data...
    [Skip] 跳过: 2026板块预算包
    [Skip] 跳过: 2025板块预算包

>>> [Target] 同步: 2026成本中心预算 (Level: 3)
    [Layer 0 -> 1] Processing 1 nodes...
    [Layer 1 -> 2] Processing 51 nodes...
    [Layer 2 -> 3] Processing 163 nodes...
    -> 2026成本中心预算 Done.

>>> [Target] 同步: 项目预算包 (Level: 1)
    [Layer 0 -> 1] Processing 1 nodes...
    -> 项目预算包 Done.
    [Skip] 跳过: 2025成本中心预算

[02:08:11] >>> ALL DONE! Nodes: 216
[2026/02/18 周三  2:08:11.20] 执行结束 
[2026/02/19 周四  2:00:00.78] 开始执行同步 
>>> [Init] DB Init Success
[02:00:01] >>> Start Sync Task...
    [Token] OK
    [Reset] Clearing old data...
    [Skip] 跳过: 2026板块预算包
    [Skip] 跳过: 2025板块预算包

>>> [Target] 同步: 2026成本中心预算 (Level: 3)
    [Layer 0 -> 1] Processing 1 nodes...
    [Layer 1 -> 2] Processing 51 nodes...
    [Layer 2 -> 3] Processing 163 nodes...
    -> 2026成本中心预算 Done.

>>> [Target] 同步: 项目预算包 (Level: 1)
    [Layer 0 -> 1] Processing 1 nodes...
    -> 项目预算包 Done.
    [Skip] 跳过: 2025成本中心预算

[02:07:53] >>> ALL DONE! Nodes: 216
[2026/02/19 周四  2:07:53.19] 执行结束 
[2026/02/20 周五  2:00:00.90] 开始执行同步 
>>> [Init] DB Init Success
[02:00:01] >>> Start Sync Task...
    [Token] OK
    [Reset] Clearing old data...
    [Skip] 跳过: 2026板块预算包
    [Skip] 跳过: 2025板块预算包

>>> [Target] 同步: 2026成本中心预算 (Level: 3)
    [Layer 0 -> 1] Processing 1 nodes...
    [Layer 1 -> 2] Processing 51 nodes...
    [Layer 2 -> 3] Processing 163 nodes...
    -> 2026成本中心预算 Done.

>>> [Target] 同步: 项目预算包 (Level: 1)
    [Layer 0 -> 1] Processing 1 nodes...
    -> 项目预算包 Done.
    [Skip] 跳过: 2025成本中心预算

[02:07:54] >>> ALL DONE! Nodes: 216
[2026/02/20 周五  2:07:54.29] 执行结束 
[2026/02/21 周六  2:00:01.01] 开始执行同步 
>>> [Init] DB Init Success
[02:00:01] >>> Start Sync Task...
    [Token] OK
    [Reset] Clearing old data...
    [Skip] 跳过: 2026板块预算包
    [Skip] 跳过: 2025板块预算包

>>> [Target] 同步: 2026成本中心预算 (Level: 3)
    [Layer 0 -> 1] Processing 1 nodes...
    [Layer 1 -> 2] Processing 51 nodes...
    [Layer 2 -> 3] Processing 163 nodes...
    -> 2026成本中心预算 Done.

>>> [Target] 同步: 项目预算包 (Level: 1)
    [Layer 0 -> 1] Processing 1 nodes...
    -> 项目预算包 Done.
    [Skip] 跳过: 2025成本中心预算

[02:07:58] >>> ALL DONE! Nodes: 216
[2026/02/21 周六  2:07:58.83] 执行结束 
[2026/02/22 周日  2:00:01.13] 开始执行同步 
>>> [Init] DB Init Success
[02:00:01] >>> Start Sync Task...
    [Token] OK
    [Reset] Clearing old data...
    [Skip] 跳过: 2026板块预算包
    [Skip] 跳过: 2025板块预算包

>>> [Target] 同步: 2026成本中心预算 (Level: 3)
    [Layer 0 -> 1] Processing 1 nodes...
    [Layer 1 -> 2] Processing 51 nodes...
    [Layer 2 -> 3] Processing 163 nodes...
    -> 2026成本中心预算 Done.

>>> [Target] 同步: 项目预算包 (Level: 1)
    [Layer 0 -> 1] Processing 1 nodes...
    -> 项目预算包 Done.
    [Skip] 跳过: 2025成本中心预算

[02:07:53] >>> ALL DONE! Nodes: 216
[2026/02/22 周日  2:07:53.87] 执行结束 
[2026/02/23 周一  2:00:00.21] 开始执行同步 
>>> [Init] DB Init Success
[02:00:00] >>> Start Sync Task...
    [Token] OK
    [Reset] Clearing old data...
    [Skip] 跳过: 2026板块预算包
    [Skip] 跳过: 2025板块预算包

>>> [Target] 同步: 2026成本中心预算 (Level: 3)
    [Layer 0 -> 1] Processing 1 nodes...
    [Layer 1 -> 2] Processing 51 nodes...
    [Layer 2 -> 3] Processing 163 nodes...
    -> 2026成本中心预算 Done.

>>> [Target] 同步: 项目预算包 (Level: 1)
    [Layer 0 -> 1] Processing 1 nodes...
    -> 项目预算包 Done.
    [Skip] 跳过: 2025成本中心预算

[02:07:44] >>> ALL DONE! Nodes: 216
[2026/02/23 周一  2:07:44.52] 执行结束 
[2026/02/24 周二  2:00:00.27] 开始执行同步 
>>> [Init] DB Init Success
[02:00:00] >>> Start Sync Task...
    [Token] OK
    [Reset] Clearing old data...
    [Skip] 跳过: 2026板块预算包
    [Skip] 跳过: 2025板块预算包

>>> [Target] 同步: 2026成本中心预算 (Level: 3)
    [Layer 0 -> 1] Processing 1 nodes...
    [Layer 1 -> 2] Processing 51 nodes...
    [Layer 2 -> 3] Processing 163 nodes...
    -> 2026成本中心预算 Done.

>>> [Target] 同步: 项目预算包 (Level: 1)
    [Layer 0 -> 1] Processing 1 nodes...
    -> 项目预算包 Done.
    [Skip] 跳过: 2025成本中心预算

[02:05:52] >>> ALL DONE! Nodes: 216
[2026/02/24 周二  2:05:52.61] 执行结束 
[2026/02/25 周三  2:00:00.39] 开始执行同步 
>>> [Init] DB Init Success
[02:00:00] >>> Start Sync Task...
    [Token] OK
    [Reset] Clearing old data...
    [Skip] 跳过: 2026板块预算包
    [Skip] 跳过: 2025板块预算包

>>> [Target] 同步: 2026成本中心预算 (Level: 3)
    [Layer 0 -> 1] Processing 1 nodes...
    [Layer 1 -> 2] Processing 51 nodes...
    [Layer 2 -> 3] Processing 163 nodes...
    -> 2026成本中心预算 Done.

>>> [Target] 同步: 项目预算包 (Level: 1)
    [Layer 0 -> 1] Processing 1 nodes...
    -> 项目预算包 Done.
    [Skip] 跳过: 2025成本中心预算

[02:08:51] >>> ALL DONE! Nodes: 216
[2026/02/25 周三  2:08:51.25] 执行结束 
[2026/02/26 周四  2:00:00.49] 开始执行同步 
>>> [Init] DB Init Success
[02:00:00] >>> Start Sync Task...
    [Token] OK
    [Reset] Clearing old data...
    [Skip] 跳过: 2026板块预算包
    [Skip] 跳过: 2025板块预算包

>>> [Target] 同步: 2026成本中心预算 (Level: 3)
    [Layer 0 -> 1] Processing 1 nodes...
    [Layer 1 -> 2] Processing 51 nodes...
    [Layer 2 -> 3] Processing 163 nodes...
    -> 2026成本中心预算 Done.

>>> [Target] 同步: 项目预算包 (Level: 1)
    [Layer 0 -> 1] Processing 1 nodes...
    -> 项目预算包 Done.
    [Skip] 跳过: 2025成本中心预算

[02:08:55] >>> ALL DONE! Nodes: 216
[2026/02/26 周四  2:08:56.00] 执行结束 
[2026/02/27 周五  2:00:00.61] 开始执行同步 
>>> [Init] DB Init Success
[02:00:00] >>> Start Sync Task...
    [Token] OK
    [Reset] Clearing old data...
    [Skip] 跳过: 2026板块预算包
    [Skip] 跳过: 2025板块预算包

>>> [Target] 同步: 2026成本中心预算 (Level: 3)
    [Layer 0 -> 1] Processing 1 nodes...
    [Layer 1 -> 2] Processing 51 nodes...
    [Layer 2 -> 3] Processing 163 nodes...
    -> 2026成本中心预算 Done.

>>> [Target] 同步: 项目预算包 (Level: 1)
    [Layer 0 -> 1] Processing 1 nodes...
    -> 项目预算包 Done.
    [Skip] 跳过: 2025成本中心预算

[02:08:29] >>> ALL DONE! Nodes: 216
[2026/02/27 周五  2:08:29.85] 执行结束 
[2026/02/28 周六  2:00:00.67] 开始执行同步 
>>> [Init] DB Init Success
[02:00:00] >>> Start Sync Task...
    [Token] OK
    [Reset] Clearing old data...
    [Skip] 跳过: 2026板块预算包
    [Skip] 跳过: 2025板块预算包

>>> [Target] 同步: 2026成本中心预算 (Level: 3)
    [Layer 0 -> 1] Processing 1 nodes...
    [Layer 1 -> 2] Processing 51 nodes...
    [Layer 2 -> 3] Processing 163 nodes...
    -> 2026成本中心预算 Done.

>>> [Target] 同步: 项目预算包 (Level: 1)
    [Layer 0 -> 1] Processing 1 nodes...
    -> 项目预算包 Done.
    [Skip] 跳过: 2025成本中心预算

[02:08:33] >>> ALL DONE! Nodes: 216
[2026/02/28 周六  2:08:33.19] 执行结束 
[2026/03/01 周日  2:00:00.67] 开始执行同步 
>>> [Init] DB Init Success
[02:00:00] >>> Start Sync Task...
    [Token] OK
    [Reset] Clearing old data...
    [Skip] 跳过: 2026板块预算包
    [Skip] 跳过: 2025板块预算包

>>> [Target] 同步: 2026成本中心预算 (Level: 3)
    [Layer 0 -> 1] Processing 1 nodes...
    [Layer 1 -> 2] Processing 51 nodes...
    [Layer 2 -> 3] Processing 163 nodes...
    -> 2026成本中心预算 Done.

>>> [Target] 同步: 项目预算包 (Level: 1)
    [Layer 0 -> 1] Processing 1 nodes...
    -> 项目预算包 Done.
    [Skip] 跳过: 2025成本中心预算

[02:08:50] >>> ALL DONE! Nodes: 216
[2026/03/01 周日  2:08:50.64] 执行结束 
[2026/03/02 周一  2:00:00.75] 开始执行同步 
>>> [Init] DB Init Success
[02:00:01] >>> Start Sync Task...
    [Token] OK
    [Reset] Clearing old data...
    [Skip] 跳过: 2026板块预算包
    [Skip] 跳过: 2025板块预算包

>>> [Target] 同步: 2026成本中心预算 (Level: 3)
    [Layer 0 -> 1] Processing 1 nodes...
    [Layer 1 -> 2] Processing 51 nodes...
    [Layer 2 -> 3] Processing 163 nodes...
    -> 2026成本中心预算 Done.

>>> [Target] 同步: 项目预算包 (Level: 1)
    [Layer 0 -> 1] Processing 1 nodes...
    -> 项目预算包 Done.
    [Skip] 跳过: 2025成本中心预算

[02:09:13] >>> ALL DONE! Nodes: 216
[2026/03/02 周一  2:09:13.62] 执行结束 
[2026/03/03 周二  2:00:00.85] 开始执行同步 
>>> [Init] DB Init Success
[02:00:01] >>> Start Sync Task...
    [Token] OK
    [Reset] Clearing old data...
    [Skip] 跳过: 2026板块预算包
    [Skip] 跳过: 2025板块预算包

>>> [Target] 同步: 2026成本中心预算 (Level: 3)
    [Layer 0 -> 1] Processing 1 nodes...
    [Layer 1 -> 2] Processing 51 nodes...
    [Layer 2 -> 3] Processing 163 nodes...
    -> 2026成本中心预算 Done.

>>> [Target] 同步: 项目预算包 (Level: 1)
    [Layer 0 -> 1] Processing 1 nodes...
    -> 项目预算包 Done.
    [Skip] 跳过: 2025成本中心预算

[02:08:45] >>> ALL DONE! Nodes: 216
[2026/03/03 周二  2:08:45.15] 执行结束 
[2026/03/04 周三  2:00:00.89] 开始执行同步 
>>> [Init] DB Init Success
[02:00:01] >>> Start Sync Task...
    [Token] OK
    [Reset] Clearing old data...
    [Skip] 跳过: 2026板块预算包
    [Skip] 跳过: 2025板块预算包

>>> [Target] 同步: 2026成本中心预算 (Level: 3)
    [Layer 0 -> 1] Processing 1 nodes...
    [Layer 1 -> 2] Processing 51 nodes...
    [Layer 2 -> 3] Processing 163 nodes...
    -> 2026成本中心预算 Done.

>>> [Target] 同步: 项目预算包 (Level: 1)
    [Layer 0 -> 1] Processing 1 nodes...
    -> 项目预算包 Done.
    [Skip] 跳过: 2025成本中心预算

[02:08:52] >>> ALL DONE! Nodes: 216
[2026/03/04 周三  2:08:52.90] 执行结束 
[2026/03/05 周四  2:00:00.89] 开始执行同步 
>>> [Init] DB Init Success
[02:00:01] >>> Start Sync Task...
    [Token] OK
    [Reset] Clearing old data...
    [Skip] 跳过: 2026板块预算包
    [Skip] 跳过: 2025板块预算包

>>> [Target] 同步: 2026成本中心预算 (Level: 3)
    [Layer 0 -> 1] Processing 1 nodes...
    [Layer 1 -> 2] Processing 51 nodes...
    [Layer 2 -> 3] Processing 163 nodes...
    -> 2026成本中心预算 Done.

>>> [Target] 同步: 项目预算包 (Level: 1)
    [Layer 0 -> 1] Processing 1 nodes...
    -> 项目预算包 Done.
    [Skip] 跳过: 2025成本中心预算

[02:08:57] >>> ALL DONE! Nodes: 216
[2026/03/05 周四  2:08:57.71] 执行结束 
[2026/03/06 周五  2:00:01.01] 开始执行同步 
>>> [Init] DB Init Success
[02:00:01] >>> Start Sync Task...
    [Token] OK
    [Reset] Clearing old data...
    [Skip] 跳过: 2026板块预算包
    [Skip] 跳过: 2025板块预算包

>>> [Target] 同步: 2026成本中心预算 (Level: 3)
    [Layer 0 -> 1] Processing 1 nodes...
    [Layer 1 -> 2] Processing 51 nodes...
    [Layer 2 -> 3] Processing 163 nodes...
    -> 2026成本中心预算 Done.

>>> [Target] 同步: 项目预算包 (Level: 1)
    [Layer 0 -> 1] Processing 1 nodes...
    -> 项目预算包 Done.
    [Skip] 跳过: 2025成本中心预算

[02:08:49] >>> ALL DONE! Nodes: 216
[2026/03/06 周五  2:08:49.16] 执行结束 
[2026/03/07 周六  2:00:01.00] 开始执行同步 
>>> [Init] DB Init Success
[02:00:01] >>> Start Sync Task...
    [Token] OK
    [Reset] Clearing old data...
    [Skip] 跳过: 2026板块预算包
    [Skip] 跳过: 2025板块预算包

>>> [Target] 同步: 2026成本中心预算 (Level: 3)
    [Layer 0 -> 1] Processing 1 nodes...
    [Layer 1 -> 2] Processing 51 nodes...
    [Layer 2 -> 3] Processing 163 nodes...
    -> 2026成本中心预算 Done.

>>> [Target] 同步: 项目预算包 (Level: 1)
    [Layer 0 -> 1] Processing 1 nodes...
    -> 项目预算包 Done.
    [Skip] 跳过: 2025成本中心预算

[02:08:42] >>> ALL DONE! Nodes: 216
[2026/03/07 周六  2:08:42.39] 执行结束 
[2026/03/08 周日  2:00:01.09] 开始执行同步 
>>> [Init] DB Init Success
[02:00:01] >>> Start Sync Task...
    [Token] OK
    [Reset] Clearing old data...
    [Skip] 跳过: 2026板块预算包
    [Skip] 跳过: 2025板块预算包

>>> [Target] 同步: 2026成本中心预算 (Level: 3)
    [Layer 0 -> 1] Processing 1 nodes...
    [Layer 1 -> 2] Processing 51 nodes...
    [Layer 2 -> 3] Processing 163 nodes...
    -> 2026成本中心预算 Done.

>>> [Target] 同步: 项目预算包 (Level: 1)
    [Layer 0 -> 1] Processing 1 nodes...
    -> 项目预算包 Done.
    [Skip] 跳过: 2025成本中心预算

[02:08:22] >>> ALL DONE! Nodes: 216
[2026/03/08 周日  2:08:22.63] 执行结束 
[2026/03/09 周一  2:00:01.17] 开始执行同步 
>>> [Init] DB Init Success
[02:00:01] >>> Start Sync Task...
    [Token] OK
    [Reset] Clearing old data...
    [Skip] 跳过: 2026板块预算包
    [Skip] 跳过: 2025板块预算包

>>> [Target] 同步: 2026成本中心预算 (Level: 3)
    [Layer 0 -> 1] Processing 1 nodes...
    [Layer 1 -> 2] Processing 51 nodes...
    [Layer 2 -> 3] Processing 163 nodes...
    -> 2026成本中心预算 Done.

>>> [Target] 同步: 项目预算包 (Level: 1)
    [Layer 0 -> 1] Processing 1 nodes...
    -> 项目预算包 Done.
    [Skip] 跳过: 2025成本中心预算

[02:08:29] >>> ALL DONE! Nodes: 216
[2026/03/09 周一  2:08:29.05] 执行结束 
[2026/03/10 周二  2:00:00.35] 开始执行同步 
>>> [Init] DB Init Success
[02:00:00] >>> Start Sync Task...
    [Token] OK
    [Reset] Clearing old data...
    [Skip] 跳过: 2026板块预算包
    [Skip] 跳过: 2025板块预算包

>>> [Target] 同步: 2026成本中心预算 (Level: 3)
    [Layer 0 -> 1] Processing 1 nodes...
    [Layer 1 -> 2] Processing 51 nodes...
    [Layer 2 -> 3] Processing 163 nodes...
    -> 2026成本中心预算 Done.

>>> [Target] 同步: 项目预算包 (Level: 1)
    [Layer 0 -> 1] Processing 1 nodes...
    -> 项目预算包 Done.
    [Skip] 跳过: 2025成本中心预算

[02:08:48] >>> ALL DONE! Nodes: 216
[2026/03/10 周二  2:08:49.00] 执行结束 
[2026/03/11 周三  2:00:00.41] 开始执行同步 
>>> [Init] DB Init Success
[02:00:00] >>> Start Sync Task...
    [Token] OK
    [Reset] Clearing old data...
    [Skip] 跳过: 2026板块预算包
    [Skip] 跳过: 2025板块预算包

>>> [Target] 同步: 2026成本中心预算 (Level: 3)
    [Layer 0 -> 1] Processing 1 nodes...
    [Layer 1 -> 2] Processing 51 nodes...
    [Layer 2 -> 3] Processing 163 nodes...
    -> 2026成本中心预算 Done.

>>> [Target] 同步: 项目预算包 (Level: 1)
    [Layer 0 -> 1] Processing 1 nodes...
    -> 项目预算包 Done.
    [Skip] 跳过: 2025成本中心预算

[02:08:41] >>> ALL DONE! Nodes: 216
[2026/03/11 周三  2:08:41.73] 执行结束 
[2026/03/12 周四  2:00:00.44] 开始执行同步 
>>> [Init] DB Init Success
[02:00:00] >>> Start Sync Task...
    [Token] OK
    [Reset] Clearing old data...
    [Skip] 跳过: 2026板块预算包
    [Skip] 跳过: 2025板块预算包

>>> [Target] 同步: 2026成本中心预算 (Level: 3)
    [Layer 0 -> 1] Processing 1 nodes...
    [Layer 1 -> 2] Processing 51 nodes...
    [Layer 2 -> 3] Processing 163 nodes...
    -> 2026成本中心预算 Done.

>>> [Target] 同步: 项目预算包 (Level: 1)
    [Layer 0 -> 1] Processing 1 nodes...
    -> 项目预算包 Done.
    [Skip] 跳过: 2025成本中心预算

[02:08:34] >>> ALL DONE! Nodes: 216
[2026/03/12 周四  2:08:34.15] 执行结束 
[2026/03/13 周五  2:00:00.54] 开始执行同步 
>>> [Init] DB Init Success
[02:00:00] >>> Start Sync Task...
    [Token] OK
    [Reset] Clearing old data...
    [Skip] 跳过: 2026板块预算包
    [Skip] 跳过: 2025板块预算包

>>> [Target] 同步: 2026成本中心预算 (Level: 3)
    [Layer 0 -> 1] Processing 1 nodes...
    [Layer 1 -> 2] Processing 51 nodes...
    [Layer 2 -> 3] Processing 163 nodes...
    -> 2026成本中心预算 Done.

>>> [Target] 同步: 项目预算包 (Level: 1)
    [Layer 0 -> 1] Processing 1 nodes...
    -> 项目预算包 Done.
    [Skip] 跳过: 2025成本中心预算

[02:08:32] >>> ALL DONE! Nodes: 216
[2026/03/13 周五  2:08:32.26] 执行结束 
[2026/03/14 周六  2:00:00.63] 开始执行同步 
>>> [Init] DB Init Success
[02:00:00] >>> Start Sync Task...
    [Token] OK
    [Reset] Clearing old data...
    [Skip] 跳过: 2026板块预算包
    [Skip] 跳过: 2025板块预算包

>>> [Target] 同步: 2026成本中心预算 (Level: 3)
    [Layer 0 -> 1] Processing 1 nodes...
    [Layer 1 -> 2] Processing 51 nodes...
    [Layer 2 -> 3] Processing 163 nodes...
    -> 2026成本中心预算 Done.

>>> [Target] 同步: 项目预算包 (Level: 1)
    [Layer 0 -> 1] Processing 1 nodes...
    -> 项目预算包 Done.
    [Skip] 跳过: 2025成本中心预算

[02:08:44] >>> ALL DONE! Nodes: 216
[2026/03/14 周六  2:08:44.10] 执行结束 
[2026/03/15 周日  2:00:00.66] 开始执行同步 
>>> [Init] DB Init Success
[02:00:00] >>> Start Sync Task...
    [Token] OK
    [Reset] Clearing old data...
    [Skip] 跳过: 2026板块预算包
    [Skip] 跳过: 2025板块预算包

>>> [Target] 同步: 2026成本中心预算 (Level: 3)
    [Layer 0 -> 1] Processing 1 nodes...
    [Layer 1 -> 2] Processing 51 nodes...
    [Layer 2 -> 3] Processing 163 nodes...
    -> 2026成本中心预算 Done.

>>> [Target] 同步: 项目预算包 (Level: 1)
    [Layer 0 -> 1] Processing 1 nodes...
    -> 项目预算包 Done.
    [Skip] 跳过: 2025成本中心预算

[02:08:34] >>> ALL DONE! Nodes: 216
[2026/03/15 周日  2:08:34.45] 执行结束 
[2026/03/16 周一  2:00:00.78] 开始执行同步 
>>> [Init] DB Init Success
[02:00:01] >>> Start Sync Task...
    [Token] OK
    [Reset] Clearing old data...
    [Skip] 跳过: 2026板块预算包
    [Skip] 跳过: 2025板块预算包

>>> [Target] 同步: 2026成本中心预算 (Level: 3)
    [Layer 0 -> 1] Processing 1 nodes...
    [Layer 1 -> 2] Processing 51 nodes...
    [Layer 2 -> 3] Processing 163 nodes...
    -> 2026成本中心预算 Done.

>>> [Target] 同步: 项目预算包 (Level: 1)
    [Layer 0 -> 1] Processing 1 nodes...
    -> 项目预算包 Done.
    [Skip] 跳过: 2025成本中心预算

[02:08:43] >>> ALL DONE! Nodes: 216
[2026/03/16 周一  2:08:43.32] 执行结束 
[2026/03/17 周二  2:00:00.82] 开始执行同步 
>>> [Init] DB Init Success
[02:00:01] >>> Start Sync Task...
    [Token] OK
    [Reset] Clearing old data...
    [Skip] 跳过: 2026板块预算包
    [Skip] 跳过: 2025板块预算包

>>> [Target] 同步: 2026成本中心预算 (Level: 3)
    [Layer 0 -> 1] Processing 1 nodes...
    [Layer 1 -> 2] Processing 51 nodes...
    [Layer 2 -> 3] Processing 163 nodes...
    -> 2026成本中心预算 Done.

>>> [Target] 同步: 项目预算包 (Level: 1)
    [Layer 0 -> 1] Processing 1 nodes...
    -> 项目预算包 Done.
    [Skip] 跳过: 2025成本中心预算

[02:08:51] >>> ALL DONE! Nodes: 216
[2026/03/17 周二  2:08:51.47] 执行结束 
[2026/03/18 周三  2:00:00.94] 开始执行同步 
>>> [Init] DB Init Success
[02:00:01] >>> Start Sync Task...
    [Token] OK
    [Reset] Clearing old data...
    [Skip] 跳过: 2026板块预算包
    [Skip] 跳过: 2025板块预算包

>>> [Target] 同步: 2026成本中心预算 (Level: 3)
    [Layer 0 -> 1] Processing 1 nodes...
    [Layer 1 -> 2] Processing 51 nodes...
    [Layer 2 -> 3] Processing 163 nodes...
    -> 2026成本中心预算 Done.

>>> [Target] 同步: 项目预算包 (Level: 1)
    [Layer 0 -> 1] Processing 1 nodes...
    -> 项目预算包 Done.
    [Skip] 跳过: 2025成本中心预算

[02:09:06] >>> ALL DONE! Nodes: 216
[2026/03/18 周三  2:09:06.28] 执行结束 
[2026/03/19 周四  2:00:00.94] 开始执行同步 
>>> [Init] DB Init Success
[02:00:01] >>> Start Sync Task...
    [Token] OK
    [Reset] Clearing old data...
    [Skip] 跳过: 2026板块预算包
    [Skip] 跳过: 2025板块预算包

>>> [Target] 同步: 2026成本中心预算 (Level: 3)
    [Layer 0 -> 1] Processing 1 nodes...
    [Layer 1 -> 2] Processing 51 nodes...
    [Layer 2 -> 3] Processing 163 nodes...
    -> 2026成本中心预算 Done.

>>> [Target] 同步: 项目预算包 (Level: 1)
    [Layer 0 -> 1] Processing 1 nodes...
    -> 项目预算包 Done.
    [Skip] 跳过: 2025成本中心预算

[02:08:44] >>> ALL DONE! Nodes: 216
[2026/03/19 周四  2:08:44.13] 执行结束 
[2026/03/20 周五  2:00:00.98] 开始执行同步 
>>> [Init] DB Init Success
[02:00:01] >>> Start Sync Task...
    [Token] OK
    [Reset] Clearing old data...
    [Skip] 跳过: 2026板块预算包
    [Skip] 跳过: 2025板块预算包

>>> [Target] 同步: 2026成本中心预算 (Level: 3)
    [Layer 0 -> 1] Processing 1 nodes...
    [Layer 1 -> 2] Processing 51 nodes...
    [Layer 2 -> 3] Processing 163 nodes...
    -> 2026成本中心预算 Done.

>>> [Target] 同步: 项目预算包 (Level: 1)
    [Layer 0 -> 1] Processing 1 nodes...
    -> 项目预算包 Done.
    [Skip] 跳过: 2025成本中心预算

[02:08:26] >>> ALL DONE! Nodes: 216
[2026/03/20 周五  2:08:26.39] 执行结束 
[2026/03/21 周六  2:00:00.99] 开始执行同步 
>>> [Init] DB Init Success
[02:00:01] >>> Start Sync Task...
    [Token] OK
    [Reset] Clearing old data...
    [Skip] 跳过: 2026板块预算包
    [Skip] 跳过: 2025板块预算包

>>> [Target] 同步: 2026成本中心预算 (Level: 3)
    [Layer 0 -> 1] Processing 1 nodes...
    [Layer 1 -> 2] Processing 51 nodes...
    [Layer 2 -> 3] Processing 163 nodes...
    -> 2026成本中心预算 Done.

>>> [Target] 同步: 项目预算包 (Level: 1)
    [Layer 0 -> 1] Processing 1 nodes...
    -> 项目预算包 Done.
    [Skip] 跳过: 2025成本中心预算

[02:08:53] >>> ALL DONE! Nodes: 216
[2026/03/21 周六  2:08:54.01] 执行结束 
[2026/03/22 周日  2:00:01.09] 开始执行同步 
>>> [Init] DB Init Success
[02:00:01] >>> Start Sync Task...
    [Token] OK
    [Reset] Clearing old data...
    [Skip] 跳过: 2026板块预算包
    [Skip] 跳过: 2025板块预算包

>>> [Target] 同步: 2026成本中心预算 (Level: 3)
    [Layer 0 -> 1] Processing 1 nodes...
    [Layer 1 -> 2] Processing 51 nodes...
    [Layer 2 -> 3] Processing 163 nodes...
    -> 2026成本中心预算 Done.

>>> [Target] 同步: 项目预算包 (Level: 1)
    [Layer 0 -> 1] Processing 1 nodes...
    -> 项目预算包 Done.
    [Skip] 跳过: 2025成本中心预算

[02:08:39] >>> ALL DONE! Nodes: 216
[2026/03/22 周日  2:08:39.33] 执行结束 
[2026/03/23 周一  2:00:01.12] 开始执行同步 
>>> [Init] DB Init Success
[02:00:01] >>> Start Sync Task...
    [Token] OK
    [Reset] Clearing old data...
    [Skip] 跳过: 2026板块预算包
    [Skip] 跳过: 2025板块预算包

>>> [Target] 同步: 2026成本中心预算 (Level: 3)
    [Layer 0 -> 1] Processing 1 nodes...
    [Layer 1 -> 2] Processing 51 nodes...
    [Layer 2 -> 3] Processing 163 nodes...
    -> 2026成本中心预算 Done.

>>> [Target] 同步: 项目预算包 (Level: 1)
    [Layer 0 -> 1] Processing 1 nodes...
    -> 项目预算包 Done.
    [Skip] 跳过: 2025成本中心预算

[02:08:36] >>> ALL DONE! Nodes: 216
[2026/03/23 周一  2:08:36.38] 执行结束 
[2026/03/24 周二  2:00:00.24] 开始执行同步 
>>> [Init] DB Init Success
[02:00:00] >>> Start Sync Task...
    [Token] OK
    [Reset] Clearing old data...
    [Skip] 跳过: 2026板块预算包
    [Skip] 跳过: 2025板块预算包

>>> [Target] 同步: 2026成本中心预算 (Level: 3)
    [Layer 0 -> 1] Processing 1 nodes...
    [Layer 1 -> 2] Processing 51 nodes...
    [Layer 2 -> 3] Processing 163 nodes...
    -> 2026成本中心预算 Done.

>>> [Target] 同步: 项目预算包 (Level: 1)
    [Layer 0 -> 1] Processing 1 nodes...
    -> 项目预算包 Done.
    [Skip] 跳过: 2025成本中心预算

[02:08:54] >>> ALL DONE! Nodes: 216
[2026/03/24 周二  2:08:54.97] 执行结束 
[2026/03/25 周三  2:00:00.24] 开始执行同步 
>>> [Init] DB Init Success
[02:00:00] >>> Start Sync Task...
    [Token] OK
    [Reset] Clearing old data...
    [Skip] 跳过: 2026板块预算包
    [Skip] 跳过: 2025板块预算包

>>> [Target] 同步: 2026成本中心预算 (Level: 3)
    [Layer 0 -> 1] Processing 1 nodes...
    [Layer 1 -> 2] Processing 51 nodes...
    [Layer 2 -> 3] Processing 163 nodes...
    -> 2026成本中心预算 Done.

>>> [Target] 同步: 项目预算包 (Level: 1)
    [Layer 0 -> 1] Processing 1 nodes...
    -> 项目预算包 Done.
    [Skip] 跳过: 2025成本中心预算

[02:08:41] >>> ALL DONE! Nodes: 216
[2026/03/25 周三  2:08:41.69] 执行结束 
[2026/03/26 周四  2:00:00.37] 开始执行同步 
>>> [Init] DB Init Success
[02:00:00] >>> Start Sync Task...
    [Token] OK
    [Reset] Clearing old data...
    [Skip] 跳过: 2026板块预算包
    [Skip] 跳过: 2025板块预算包

>>> [Target] 同步: 2026成本中心预算 (Level: 3)
    [Layer 0 -> 1] Processing 1 nodes...
    [Layer 1 -> 2] Processing 51 nodes...
    [Layer 2 -> 3] Processing 163 nodes...
    -> 2026成本中心预算 Done.

>>> [Target] 同步: 项目预算包 (Level: 1)
    [Layer 0 -> 1] Processing 1 nodes...
    -> 项目预算包 Done.
    [Skip] 跳过: 2025成本中心预算

[02:08:43] >>> ALL DONE! Nodes: 216
[2026/03/26 周四  2:08:43.97] 执行结束 
[2026/03/27 周五  2:00:00.48] 开始执行同步 
>>> [Init] DB Init Success
[02:00:00] >>> Start Sync Task...
    [Token] OK
    [Reset] Clearing old data...
    [Skip] 跳过: 2026板块预算包
    [Skip] 跳过: 2025板块预算包

>>> [Target] 同步: 2026成本中心预算 (Level: 3)
    [Layer 0 -> 1] Processing 1 nodes...
    [Layer 1 -> 2] Processing 52 nodes...
    [Layer 2 -> 3] Processing 166 nodes...
    -> 2026成本中心预算 Done.

>>> [Target] 同步: 项目预算包 (Level: 1)
    [Layer 0 -> 1] Processing 1 nodes...
    -> 项目预算包 Done.
    [Skip] 跳过: 2025成本中心预算

[02:08:31] >>> ALL DONE! Nodes: 220
[2026/03/27 周五  2:08:31.93] 执行结束 
[2026/03/28 周六  2:00:00.52] 开始执行同步 
>>> [Init] DB Init Success
[02:00:00] >>> Start Sync Task...
    [Token] OK
    [Reset] Clearing old data...
    [Skip] 跳过: 2026板块预算包
    [Skip] 跳过: 2025板块预算包

>>> [Target] 同步: 2026成本中心预算 (Level: 3)
    [Layer 0 -> 1] Processing 1 nodes...
    [Layer 1 -> 2] Processing 52 nodes...
    [Layer 2 -> 3] Processing 166 nodes...
    -> 2026成本中心预算 Done.

>>> [Target] 同步: 项目预算包 (Level: 1)
    [Layer 0 -> 1] Processing 1 nodes...
    -> 项目预算包 Done.
    [Skip] 跳过: 2025成本中心预算

[02:00:09] >>> ALL DONE! Nodes: 220
[2026/03/28 周六  2:00:09.70] 执行结束 
[2026/03/29 周日  2:00:00.62] 开始执行同步 
>>> [Init] DB Init Success
[02:00:00] >>> Start Sync Task...
    [Token] OK
    [Reset] Clearing old data...
    [Skip] 跳过: 2026板块预算包
    [Skip] 跳过: 2025板块预算包

>>> [Target] 同步: 2026成本中心预算 (Level: 3)
    [Layer 0 -> 1] Processing 1 nodes...
    [Layer 1 -> 2] Processing 52 nodes...
    [Layer 2 -> 3] Processing 166 nodes...
    -> 2026成本中心预算 Done.

>>> [Target] 同步: 项目预算包 (Level: 1)
    [Layer 0 -> 1] Processing 1 nodes...
    -> 项目预算包 Done.
    [Skip] 跳过: 2025成本中心预算

[02:00:09] >>> ALL DONE! Nodes: 220
[2026/03/29 周日  2:00:09.71] 执行结束 
[2026/03/30 周一  2:00:00.63] 开始执行同步 
>>> [Init] DB Init Success
[02:00:00] >>> Start Sync Task...
    [Token] OK
    [Reset] Clearing old data...
    [Skip] 跳过: 2026板块预算包
    [Skip] 跳过: 2025板块预算包

>>> [Target] 同步: 2026成本中心预算 (Level: 3)
    [Layer 0 -> 1] Processing 1 nodes...
    [Layer 1 -> 2] Processing 52 nodes...
    [Layer 2 -> 3] Processing 166 nodes...
    -> 2026成本中心预算 Done.

>>> [Target] 同步: 项目预算包 (Level: 1)
    [Layer 0 -> 1] Processing 1 nodes...
    -> 项目预算包 Done.
    [Skip] 跳过: 2025成本中心预算

[02:00:09] >>> ALL DONE! Nodes: 220
[2026/03/30 周一  2:00:09.63] 执行结束 
[2026/03/31 周二  2:00:00.69] 开始执行同步 
>>> [Init] DB Init Success
[02:00:00] >>> Start Sync Task...
    [Token] OK
    [Reset] Clearing old data...
    [Skip] 跳过: 2026板块预算包
    [Skip] 跳过: 2025板块预算包

>>> [Target] 同步: 2026成本中心预算 (Level: 3)
    [Layer 0 -> 1] Processing 1 nodes...
    [Layer 1 -> 2] Processing 52 nodes...
    [Layer 2 -> 3] Processing 166 nodes...
    -> 2026成本中心预算 Done.

>>> [Target] 同步: 项目预算包 (Level: 1)
    [Layer 0 -> 1] Processing 1 nodes...
    -> 项目预算包 Done.
    [Skip] 跳过: 2025成本中心预算

[02:00:09] >>> ALL DONE! Nodes: 220
[2026/03/31 周二  2:00:09.64] 执行结束 
[2026/04/01 周三  2:00:00.69] 开始执行同步 
>>> [Init] DB Init Success
[02:00:00] >>> Start Sync Task...
    [Token] OK
    [Reset] Clearing old data...
!!! Get Budget List Failed
[2026/04/01 周三  2:00:01.17] 执行结束 
[2026/04/02 周四  2:00:00.75] 开始执行同步 
>>> [Init] DB Init Success
[02:00:01] >>> Start Sync Task...
    [Token] OK
    [Reset] Clearing old data...
    [Skip] 跳过: 2026板块预算包
    [Skip] 跳过: 2025板块预算包

>>> [Target] 同步: 2026成本中心预算 (Level: 3)
    [Layer 0 -> 1] Processing 1 nodes...
    [Layer 1 -> 2] Processing 52 nodes...
    [Layer 2 -> 3] Processing 166 nodes...
    -> 2026成本中心预算 Done.

>>> [Target] 同步: 项目预算包 (Level: 1)
    [Layer 0 -> 1] Processing 1 nodes...
    -> 项目预算包 Done.
    [Skip] 跳过: 2025成本中心预算

[02:00:09] >>> ALL DONE! Nodes: 220
[2026/04/02 周四  2:00:09.83] 执行结束 
[2026/04/03 周五  2:00:00.83] 开始执行同步 
>>> [Init] DB Init Success
[02:00:01] >>> Start Sync Task...
    [Token] OK
    [Reset] Clearing old data...
    [Skip] 跳过: 2026板块预算包
    [Skip] 跳过: 2025板块预算包

>>> [Target] 同步: 2026成本中心预算 (Level: 3)
    [Layer 0 -> 1] Processing 1 nodes...
    [Layer 1 -> 2] Processing 52 nodes...
    [Layer 2 -> 3] Processing 166 nodes...
    -> 2026成本中心预算 Done.

>>> [Target] 同步: 项目预算包 (Level: 1)
    [Layer 0 -> 1] Processing 1 nodes...
    -> 项目预算包 Done.
    [Skip] 跳过: 2025成本中心预算

[02:00:30] >>> ALL DONE! Nodes: 220
[2026/04/03 周五  2:00:30.53] 执行结束 
[2026/04/04 周六  2:00:00.91] 开始执行同步 
>>> [Init] DB Init Success
[02:00:01] >>> Start Sync Task...
    [Token] OK
    [Reset] Clearing old data...
    [Skip] 跳过: 2026板块预算包
    [Skip] 跳过: 2025板块预算包

>>> [Target] 同步: 2026成本中心预算 (Level: 3)
    [Layer 0 -> 1] Processing 1 nodes...
    [Layer 1 -> 2] Processing 52 nodes...
    [Layer 2 -> 3] Processing 166 nodes...
    -> 2026成本中心预算 Done.

>>> [Target] 同步: 项目预算包 (Level: 1)
    [Layer 0 -> 1] Processing 1 nodes...
    -> 项目预算包 Done.
    [Skip] 跳过: 2025成本中心预算

[02:00:21] >>> ALL DONE! Nodes: 220
[2026/04/04 周六  2:00:21.73] 执行结束 
[2026/04/05 周日  2:00:00.95] 开始执行同步 
>>> [Init] DB Init Success
[02:00:01] >>> Start Sync Task...
    [Token] OK
    [Reset] Clearing old data...
    [Skip] 跳过: 2026板块预算包
    [Skip] 跳过: 2025板块预算包

>>> [Target] 同步: 2026成本中心预算 (Level: 3)
    [Layer 0 -> 1] Processing 1 nodes...
    [Layer 1 -> 2] Processing 52 nodes...
    [Layer 2 -> 3] Processing 166 nodes...
    -> 2026成本中心预算 Done.

>>> [Target] 同步: 项目预算包 (Level: 1)
    [Layer 0 -> 1] Processing 1 nodes...
    -> 项目预算包 Done.
    [Skip] 跳过: 2025成本中心预算

[02:00:10] >>> ALL DONE! Nodes: 220
[2026/04/05 周日  2:00:10.33] 执行结束 
[2026/04/06 周一  2:00:01.03] 开始执行同步 
>>> [Init] DB Init Success
[02:00:01] >>> Start Sync Task...
    [Token] OK
    [Reset] Clearing old data...
    [Skip] 跳过: 2026板块预算包
    [Skip] 跳过: 2025板块预算包

>>> [Target] 同步: 2026成本中心预算 (Level: 3)
    [Layer 0 -> 1] Processing 1 nodes...
    [Layer 1 -> 2] Processing 52 nodes...
    [Layer 2 -> 3] Processing 166 nodes...
    -> 2026成本中心预算 Done.

>>> [Target] 同步: 项目预算包 (Level: 1)
    [Layer 0 -> 1] Processing 1 nodes...
    -> 项目预算包 Done.
    [Skip] 跳过: 2025成本中心预算

[02:00:09] >>> ALL DONE! Nodes: 220
[2026/04/06 周一  2:00:09.77] 执行结束 
[2026/04/07 周二  2:00:01.07] 开始执行同步 
>>> [Init] DB Init Success
[02:00:01] >>> Start Sync Task...
    [Token] OK
    [Reset] Clearing old data...
    [Skip] 跳过: 2026板块预算包
    [Skip] 跳过: 2025板块预算包

>>> [Target] 同步: 2026成本中心预算 (Level: 3)
    [Layer 0 -> 1] Processing 1 nodes...
    [Layer 1 -> 2] Processing 52 nodes...
    [Layer 2 -> 3] Processing 166 nodes...
    -> 2026成本中心预算 Done.

>>> [Target] 同步: 项目预算包 (Level: 1)
    [Layer 0 -> 1] Processing 1 nodes...
    -> 项目预算包 Done.
    [Skip] 跳过: 2025成本中心预算

[02:00:11] >>> ALL DONE! Nodes: 220
[2026/04/07 周二  2:00:11.15] 执行结束 
[2026/04/08 周三  2:00:01.18] 开始执行同步 
>>> [Init] DB Init Success
[02:00:01] >>> Start Sync Task...
    [Token] OK
    [Reset] Clearing old data...
    [Skip] 跳过: 2026板块预算包
    [Skip] 跳过: 2025板块预算包

>>> [Target] 同步: 2026成本中心预算 (Level: 3)
    [Layer 0 -> 1] Processing 1 nodes...
    [Layer 1 -> 2] Processing 52 nodes...
    [Layer 2 -> 3] Processing 166 nodes...
    -> 2026成本中心预算 Done.

>>> [Target] 同步: 项目预算包 (Level: 1)
    [Layer 0 -> 1] Processing 1 nodes...
    -> 项目预算包 Done.
    [Skip] 跳过: 2025成本中心预算

[02:00:10] >>> ALL DONE! Nodes: 220
[2026/04/08 周三  2:00:10.21] 执行结束 
[2026/04/09 周四  2:00:00.28] 开始执行同步 
>>> [Init] DB Init Success
[02:00:00] >>> Start Sync Task...
    [Token] OK
    [Reset] Clearing old data...
    [Skip] 跳过: 2026板块预算包
    [Skip] 跳过: 2025板块预算包

>>> [Target] 同步: 2026成本中心预算 (Level: 3)
    [Layer 0 -> 1] Processing 1 nodes...
    [Layer 1 -> 2] Processing 52 nodes...
    [Layer 2 -> 3] Processing 166 nodes...
    -> 2026成本中心预算 Done.

>>> [Target] 同步: 项目预算包 (Level: 1)
    [Layer 0 -> 1] Processing 1 nodes...
    -> 项目预算包 Done.
    [Skip] 跳过: 2025成本中心预算

[02:00:16] >>> ALL DONE! Nodes: 220
[2026/04/09 周四  2:00:16.94] 执行结束 
[2026/04/10 周五  2:00:00.43] 开始执行同步 
>>> [Init] DB Init Success
[02:00:00] >>> Start Sync Task...
    [Token] OK
    [Reset] Clearing old data...
    [Skip] 跳过: 2026板块预算包
    [Skip] 跳过: 2025板块预算包

>>> [Target] 同步: 2026成本中心预算 (Level: 3)
    [Layer 0 -> 1] Processing 1 nodes...
    [Layer 1 -> 2] Processing 52 nodes...
    [Layer 2 -> 3] Processing 166 nodes...
    -> 2026成本中心预算 Done.

>>> [Target] 同步: 项目预算包 (Level: 1)
    [Layer 0 -> 1] Processing 1 nodes...
    -> 项目预算包 Done.
    [Skip] 跳过: 2025成本中心预算

[02:00:18] >>> ALL DONE! Nodes: 220
[2026/04/10 周五  2:00:18.08] 执行结束 
[2026/04/11 周六  2:00:00.62] 开始执行同步 
>>> [Init] DB Init Success
[02:00:00] >>> Start Sync Task...
    [Token] OK
    [Reset] Clearing old data...
    [Skip] 跳过: 2026板块预算包
    [Skip] 跳过: 2025板块预算包

>>> [Target] 同步: 2026成本中心预算 (Level: 3)
    [Layer 0 -> 1] Processing 1 nodes...
    [Layer 1 -> 2] Processing 52 nodes...
    [Layer 2 -> 3] Processing 166 nodes...
    -> 2026成本中心预算 Done.

>>> [Target] 同步: 项目预算包 (Level: 1)
    [Layer 0 -> 1] Processing 1 nodes...
    -> 项目预算包 Done.
    [Skip] 跳过: 2025成本中心预算

[02:00:29] >>> ALL DONE! Nodes: 220
[2026/04/11 周六  2:00:29.40] 执行结束 
[2026/04/12 周日  2:00:00.68] 开始执行同步 
>>> [Init] DB Init Success
[02:00:00] >>> Start Sync Task...
    [Token] OK
    [Reset] Clearing old data...
    [Skip] 跳过: 2026板块预算包
    [Skip] 跳过: 2025板块预算包

>>> [Target] 同步: 2026成本中心预算 (Level: 3)
    [Layer 0 -> 1] Processing 1 nodes...
    [Layer 1 -> 2] Processing 52 nodes...
    [Layer 2 -> 3] Processing 166 nodes...
    -> 2026成本中心预算 Done.

>>> [Target] 同步: 项目预算包 (Level: 1)
    [Layer 0 -> 1] Processing 1 nodes...
    -> 项目预算包 Done.
    [Skip] 跳过: 2025成本中心预算

[02:00:17] >>> ALL DONE! Nodes: 220
[2026/04/12 周日  2:00:17.81] 执行结束 
[2026/04/13 周一  2:00:00.68] 开始执行同步 
>>> [Init] DB Init Success
[02:00:00] >>> Start Sync Task...
    [Token] OK
    [Reset] Clearing old data...
    [Skip] 跳过: 2026板块预算包
    [Skip] 跳过: 2025板块预算包

>>> [Target] 同步: 2026成本中心预算 (Level: 3)
    [Layer 0 -> 1] Processing 1 nodes...
    [Layer 1 -> 2] Processing 52 nodes...
    [Layer 2 -> 3] Processing 166 nodes...
    -> 2026成本中心预算 Done.

>>> [Target] 同步: 项目预算包 (Level: 1)
    [Layer 0 -> 1] Processing 1 nodes...
    -> 项目预算包 Done.
    [Skip] 跳过: 2025成本中心预算

[02:00:26] >>> ALL DONE! Nodes: 220
[2026/04/13 周一  2:00:26.33] 执行结束 
[2026/04/14 周二  2:00:00.67] 开始执行同步 
>>> [Init] DB Init Success
[02:00:00] >>> Start Sync Task...
    [Token] OK
    [Reset] Clearing old data...
    [Skip] 跳过: 2026板块预算包
    [Skip] 跳过: 2025板块预算包

>>> [Target] 同步: 2026成本中心预算 (Level: 3)
    [Layer 0 -> 1] Processing 1 nodes...
    [Layer 1 -> 2] Processing 52 nodes...
    [Layer 2 -> 3] Processing 166 nodes...
    -> 2026成本中心预算 Done.

>>> [Target] 同步: 项目预算包 (Level: 1)
    [Layer 0 -> 1] Processing 1 nodes...
    -> 项目预算包 Done.
    [Skip] 跳过: 2025成本中心预算

[02:01:36] >>> ALL DONE! Nodes: 220
[2026/04/14 周二  2:01:36.60] 执行结束 
[2026/04/16 周四  2:00:00.47] 开始执行同步 
>>> [Init] DB Init Success
[02:00:00] >>> Start Sync Task...
    [Token] OK
    [Reset] Clearing old data...
    [Skip] 跳过: 2026板块预算包
    [Skip] 跳过: 2025板块预算包

>>> [Target] 同步: 2026成本中心预算 (Level: 3)
    [Layer 0 -> 1] Processing 1 nodes...
    [Layer 1 -> 2] Processing 53 nodes...
    [Layer 2 -> 3] Processing 168 nodes...
    -> 2026成本中心预算 Done.

>>> [Target] 同步: 项目预算包 (Level: 1)
    [Layer 0 -> 1] Processing 1 nodes...
    -> 项目预算包 Done.
    [Skip] 跳过: 2025成本中心预算

[02:02:22] >>> ALL DONE! Nodes: 223
[2026/04/16 周四  2:02:22.83] 执行结束 
[2026/04/17 周五  2:00:00.47] 开始执行同步 
>>> [Init] DB Init Success
[02:00:00] >>> Start Sync Task...
    [Token] OK
    [Reset] Clearing old data...
    [Skip] 跳过: 2026板块预算包
    [Skip] 跳过: 2025板块预算包

>>> [Target] 同步: 2026成本中心预算 (Level: 3)
    [Layer 0 -> 1] Processing 1 nodes...
    [Layer 1 -> 2] Processing 53 nodes...
    [Layer 2 -> 3] Processing 168 nodes...
    -> 2026成本中心预算 Done.

>>> [Target] 同步: 项目预算包 (Level: 1)
    [Layer 0 -> 1] Processing 1 nodes...
    -> 项目预算包 Done.
    [Skip] 跳过: 2025成本中心预算

[02:04:45] >>> ALL DONE! Nodes: 223
[2026/04/17 周五  2:04:45.66] 执行结束 
[2026/04/18 周六  2:00:00.48] 开始执行同步 
>>> [Init] DB Init Success
[02:00:00] >>> Start Sync Task...
    [Token] OK
    [Reset] Clearing old data...
    [Skip] 跳过: 2026板块预算包
    [Skip] 跳过: 2025板块预算包

>>> [Target] 同步: 2026成本中心预算 (Level: 3)
    [Layer 0 -> 1] Processing 1 nodes...
    [Layer 1 -> 2] Processing 53 nodes...
    [Layer 2 -> 3] Processing 168 nodes...
    -> 2026成本中心预算 Done.

>>> [Target] 同步: 项目预算包 (Level: 1)
    [Layer 0 -> 1] Processing 1 nodes...
    -> 项目预算包 Done.
    [Skip] 跳过: 2025成本中心预算

[02:06:08] >>> ALL DONE! Nodes: 223
[2026/04/18 周六  2:06:08.26] 执行结束 
[2026/04/19 周日  2:00:00.53] 开始执行同步 
>>> [Init] DB Init Success
[02:00:00] >>> Start Sync Task...
    [Token] OK
    [Reset] Clearing old data...
    [Skip] 跳过: 2026板块预算包
    [Skip] 跳过: 2025板块预算包

>>> [Target] 同步: 2026成本中心预算 (Level: 3)
    [Layer 0 -> 1] Processing 1 nodes...
    [Layer 1 -> 2] Processing 53 nodes...
    [Layer 2 -> 3] Processing 168 nodes...
    -> 2026成本中心预算 Done.

>>> [Target] 同步: 项目预算包 (Level: 1)
    [Layer 0 -> 1] Processing 1 nodes...
    -> 项目预算包 Done.
    [Skip] 跳过: 2025成本中心预算

[02:06:04] >>> ALL DONE! Nodes: 223
[2026/04/19 周日  2:06:04.22] 执行结束 
[2026/04/20 周一  2:00:00.56] 开始执行同步 
>>> [Init] DB Init Success
[02:00:00] >>> Start Sync Task...
    [Token] OK
    [Reset] Clearing old data...
    [Skip] 跳过: 2026板块预算包
    [Skip] 跳过: 2025板块预算包

>>> [Target] 同步: 2026成本中心预算 (Level: 3)
    [Layer 0 -> 1] Processing 1 nodes...
    [Layer 1 -> 2] Processing 53 nodes...
    [Layer 2 -> 3] Processing 168 nodes...
    -> 2026成本中心预算 Done.

>>> [Target] 同步: 项目预算包 (Level: 1)
    [Layer 0 -> 1] Processing 1 nodes...
    -> 项目预算包 Done.
    [Skip] 跳过: 2025成本中心预算

[02:06:06] >>> ALL DONE! Nodes: 223
[2026/04/20 周一  2:06:06.96] 执行结束 
[2026/04/21 周二  2:00:00.72] 开始执行同步 
>>> [Init] DB Init Success
[02:00:00] >>> Start Sync Task...
    [Token] OK
    [Reset] Clearing old data...
    [Skip] 跳过: 2026板块预算包
    [Skip] 跳过: 2025板块预算包

>>> [Target] 同步: 2026成本中心预算 (Level: 3)
    [Layer 0 -> 1] Processing 1 nodes...
    [Layer 1 -> 2] Processing 53 nodes...
    [Layer 2 -> 3] Processing 168 nodes...
    -> 2026成本中心预算 Done.

>>> [Target] 同步: 项目预算包 (Level: 1)
    [Layer 0 -> 1] Processing 1 nodes...
    -> 项目预算包 Done.
    [Skip] 跳过: 2025成本中心预算

[02:07:05] >>> ALL DONE! Nodes: 223
[2026/04/21 周二  2:07:05.34] 执行结束 
[2026/04/22 周三  2:00:00.79] 开始执行同步 
>>> [Init] DB Init Success
[02:00:01] >>> Start Sync Task...
    [Token] OK
    [Reset] Clearing old data...
    [Skip] 跳过: 2026板块预算包
    [Skip] 跳过: 2025板块预算包

>>> [Target] 同步: 2026成本中心预算 (Level: 3)
    [Layer 0 -> 1] Processing 1 nodes...
    [Layer 1 -> 2] Processing 53 nodes...
    [Layer 2 -> 3] Processing 168 nodes...
    -> 2026成本中心预算 Done.

>>> [Target] 同步: 项目预算包 (Level: 1)
    [Layer 0 -> 1] Processing 1 nodes...
    -> 项目预算包 Done.
    [Skip] 跳过: 2025成本中心预算

[02:06:28] >>> ALL DONE! Nodes: 223
[2026/04/22 周三  2:06:28.91] 执行结束 
[2026/04/23 周四  2:00:00.86] 开始执行同步 
>>> [Init] DB Init Success
[02:00:01] >>> Start Sync Task...
    [Token] OK
    [Reset] Clearing old data...
    [Skip] 跳过: 2026板块预算包
    [Skip] 跳过: 2025板块预算包

>>> [Target] 同步: 2026成本中心预算 (Level: 3)
    [Layer 0 -> 1] Processing 1 nodes...
    [Layer 1 -> 2] Processing 53 nodes...
    [Layer 2 -> 3] Processing 168 nodes...
    -> 2026成本中心预算 Done.

>>> [Target] 同步: 项目预算包 (Level: 1)
    [Layer 0 -> 1] Processing 1 nodes...
    -> 项目预算包 Done.
    [Skip] 跳过: 2025成本中心预算

[02:06:15] >>> ALL DONE! Nodes: 223
[2026/04/23 周四  2:06:15.43] 执行结束 
[2026/04/24 周五  2:00:00.89] 开始执行同步 
>>> [Init] DB Init Success
[02:00:01] >>> Start Sync Task...
    [Token] OK
    [Reset] Clearing old data...
    [Skip] 跳过: 2026板块预算包
    [Skip] 跳过: 2025板块预算包

>>> [Target] 同步: 2026成本中心预算 (Level: 3)
    [Layer 0 -> 1] Processing 1 nodes...
    [Layer 1 -> 2] Processing 53 nodes...
    [Layer 2 -> 3] Processing 168 nodes...
    -> 2026成本中心预算 Done.

>>> [Target] 同步: 项目预算包 (Level: 1)
    [Layer 0 -> 1] Processing 1 nodes...
    -> 项目预算包 Done.
    [Skip] 跳过: 2025成本中心预算

[02:06:19] >>> ALL DONE! Nodes: 223
[2026/04/24 周五  2:06:19.09] 执行结束 
[2026/04/25 周六  2:00:00.98] 开始执行同步 
>>> [Init] DB Init Success
[02:00:01] >>> Start Sync Task...
    [Token] OK
    [Reset] Clearing old data...
    [Skip] 跳过: 2026板块预算包
    [Skip] 跳过: 2025板块预算包

>>> [Target] 同步: 2026成本中心预算 (Level: 3)
    [Layer 0 -> 1] Processing 1 nodes...
    [Layer 1 -> 2] Processing 53 nodes...
    [Layer 2 -> 3] Processing 168 nodes...
    -> 2026成本中心预算 Done.

>>> [Target] 同步: 项目预算包 (Level: 1)
    [Layer 0 -> 1] Processing 1 nodes...
    -> 项目预算包 Done.
    [Skip] 跳过: 2025成本中心预算

[02:06:16] >>> ALL DONE! Nodes: 223
[2026/04/25 周六  2:06:17.03] 执行结束 
[2026/04/26 周日  2:00:01.04] 开始执行同步 
>>> [Init] DB Init Success
[02:00:01] >>> Start Sync Task...
    [Token] OK
    [Reset] Clearing old data...
    [Skip] 跳过: 2026板块预算包
    [Skip] 跳过: 2025板块预算包

>>> [Target] 同步: 2026成本中心预算 (Level: 3)
    [Layer 0 -> 1] Processing 1 nodes...
    [Layer 1 -> 2] Processing 53 nodes...
    [Layer 2 -> 3] Processing 168 nodes...
    -> 2026成本中心预算 Done.

>>> [Target] 同步: 项目预算包 (Level: 1)
    [Layer 0 -> 1] Processing 1 nodes...
    -> 项目预算包 Done.
    [Skip] 跳过: 2025成本中心预算

[02:06:35] >>> ALL DONE! Nodes: 223
[2026/04/26 周日  2:06:35.74] 执行结束 
[2026/04/27 周一  2:00:01.11] 开始执行同步 
>>> [Init] DB Init Success
[02:00:01] >>> Start Sync Task...
    [Token] OK
    [Reset] Clearing old data...
    [Skip] 跳过: 2026板块预算包
    [Skip] 跳过: 2025板块预算包

>>> [Target] 同步: 2026成本中心预算 (Level: 3)
    [Layer 0 -> 1] Processing 1 nodes...
    [Layer 1 -> 2] Processing 53 nodes...
    [Layer 2 -> 3] Processing 168 nodes...
    -> 2026成本中心预算 Done.

>>> [Target] 同步: 项目预算包 (Level: 1)
    [Layer 0 -> 1] Processing 1 nodes...
    -> 项目预算包 Done.
    [Skip] 跳过: 2025成本中心预算

[02:06:09] >>> ALL DONE! Nodes: 223
[2026/04/27 周一  2:06:09.82] 执行结束 
[2026/04/28 周二  2:00:00.11] 开始执行同步 
>>> [Init] DB Init Success
[02:00:00] >>> Start Sync Task...
    [Token] OK
    [Reset] Clearing old data...
    [Skip] 跳过: 2026板块预算包
    [Skip] 跳过: 2025板块预算包

>>> [Target] 同步: 2026成本中心预算 (Level: 3)
    [Layer 0 -> 1] Processing 1 nodes...
    [Layer 1 -> 2] Processing 53 nodes...
    [Layer 2 -> 3] Processing 169 nodes...
    -> 2026成本中心预算 Done.

>>> [Target] 同步: 项目预算包 (Level: 1)
    [Layer 0 -> 1] Processing 1 nodes...
    -> 项目预算包 Done.
    [Skip] 跳过: 2025成本中心预算

[02:06:35] >>> ALL DONE! Nodes: 224
[2026/04/28 周二  2:06:36.00] 执行结束 
[2026/04/29 周三  2:00:00.19] 开始执行同步 
>>> [Init] DB Init Success
[02:00:00] >>> Start Sync Task...
    [Token] OK
    [Reset] Clearing old data...
    [Skip] 跳过: 2026板块预算包
    [Skip] 跳过: 2025板块预算包

>>> [Target] 同步: 2026成本中心预算 (Level: 3)
    [Layer 0 -> 1] Processing 1 nodes...
    [Layer 1 -> 2] Processing 54 nodes...
    [Layer 2 -> 3] Processing 171 nodes...
    -> 2026成本中心预算 Done.

>>> [Target] 同步: 项目预算包 (Level: 1)
    [Layer 0 -> 1] Processing 1 nodes...
    -> 项目预算包 Done.
    [Skip] 跳过: 2025成本中心预算

[02:06:39] >>> ALL DONE! Nodes: 227
[2026/04/29 周三  2:06:39.11] 执行结束 
[2026/04/30 周四  2:00:00.23] 开始执行同步 
>>> [Init] DB Init Success
[02:00:00] >>> Start Sync Task...
    [Token] OK
    [Reset] Clearing old data...
    [Skip] 跳过: 2026板块预算包
    [Skip] 跳过: 2025板块预算包

>>> [Target] 同步: 2026成本中心预算 (Level: 3)
    [Layer 0 -> 1] Processing 1 nodes...
    [Layer 1 -> 2] Processing 54 nodes...
    [Layer 2 -> 3] Processing 171 nodes...
    -> 2026成本中心预算 Done.

>>> [Target] 同步: 项目预算包 (Level: 1)
    [Layer 0 -> 1] Processing 1 nodes...
    -> 项目预算包 Done.
    [Skip] 跳过: 2025成本中心预算

[02:06:25] >>> ALL DONE! Nodes: 227
[2026/04/30 周四  2:06:25.80] 执行结束 
[2026/05/01 周五  2:00:00.27] 开始执行同步 
>>> [Init] DB Init Success
[02:00:00] >>> Start Sync Task...
    [Token] OK
    [Reset] Clearing old data...
!!! Get Budget List Failed
[2026/05/01 周五  2:00:00.79] 执行结束 
[2026/05/02 周六  2:00:00.29] 开始执行同步 
>>> [Init] DB Init Success
[02:00:00] >>> Start Sync Task...
    [Token] OK
    [Reset] Clearing old data...
    [Skip] 跳过: 2026板块预算包
    [Skip] 跳过: 2025板块预算包

>>> [Target] 同步: 2026成本中心预算 (Level: 3)
    [Layer 0 -> 1] Processing 1 nodes...
    [Layer 1 -> 2] Processing 54 nodes...
    [Layer 2 -> 3] Processing 171 nodes...
    -> 2026成本中心预算 Done.

>>> [Target] 同步: 项目预算包 (Level: 1)
    [Layer 0 -> 1] Processing 1 nodes...
    -> 项目预算包 Done.
    [Skip] 跳过: 2025成本中心预算

[02:06:49] >>> ALL DONE! Nodes: 227
[2026/05/02 周六  2:06:49.59] 执行结束 
[2026/05/03 周日  2:00:00.36] 开始执行同步 
>>> [Init] DB Init Success
[02:00:00] >>> Start Sync Task...
    [Token] OK
    [Reset] Clearing old data...
    [Skip] 跳过: 2026板块预算包
    [Skip] 跳过: 2025板块预算包

>>> [Target] 同步: 2026成本中心预算 (Level: 3)
    [Layer 0 -> 1] Processing 1 nodes...
    [Layer 1 -> 2] Processing 54 nodes...
    [Layer 2 -> 3] Processing 171 nodes...
    -> 2026成本中心预算 Done.

>>> [Target] 同步: 项目预算包 (Level: 1)
    [Layer 0 -> 1] Processing 1 nodes...
    -> 项目预算包 Done.
    [Skip] 跳过: 2025成本中心预算

[02:06:34] >>> ALL DONE! Nodes: 227
[2026/05/03 周日  2:06:34.71] 执行结束 
[2026/05/04 周一  2:00:00.44] 开始执行同步 
>>> [Init] DB Init Success
[02:00:00] >>> Start Sync Task...
    [Token] OK
    [Reset] Clearing old data...
    [Skip] 跳过: 2026板块预算包
    [Skip] 跳过: 2025板块预算包

>>> [Target] 同步: 2026成本中心预算 (Level: 3)
    [Layer 0 -> 1] Processing 1 nodes...
    [Layer 1 -> 2] Processing 54 nodes...
    [Layer 2 -> 3] Processing 171 nodes...
    -> 2026成本中心预算 Done.

>>> [Target] 同步: 项目预算包 (Level: 1)
    [Layer 0 -> 1] Processing 1 nodes...
    -> 项目预算包 Done.
    [Skip] 跳过: 2025成本中心预算

[02:06:39] >>> ALL DONE! Nodes: 227
[2026/05/04 周一  2:06:39.15] 执行结束 
[2026/05/05 周二  2:00:00.50] 开始执行同步 
>>> [Init] DB Init Success
[02:00:00] >>> Start Sync Task...
    [Token] OK
    [Reset] Clearing old data...
    [Skip] 跳过: 2026板块预算包
    [Skip] 跳过: 2025板块预算包

>>> [Target] 同步: 2026成本中心预算 (Level: 3)
    [Layer 0 -> 1] Processing 1 nodes...
    [Layer 1 -> 2] Processing 54 nodes...
    [Layer 2 -> 3] Processing 171 nodes...
    -> 2026成本中心预算 Done.

>>> [Target] 同步: 项目预算包 (Level: 1)
    [Layer 0 -> 1] Processing 1 nodes...
    -> 项目预算包 Done.
    [Skip] 跳过: 2025成本中心预算

[02:06:39] >>> ALL DONE! Nodes: 227
[2026/05/05 周二  2:06:39.30] 执行结束 
[2026/05/06 周三  2:00:00.52] 开始执行同步 
>>> [Init] DB Init Success
[02:00:00] >>> Start Sync Task...
    [Token] OK
    [Reset] Clearing old data...
    [Skip] 跳过: 2026板块预算包
    [Skip] 跳过: 2025板块预算包

>>> [Target] 同步: 2026成本中心预算 (Level: 3)
    [Layer 0 -> 1] Processing 1 nodes...
    [Layer 1 -> 2] Processing 54 nodes...
    [Layer 2 -> 3] Processing 171 nodes...
    -> 2026成本中心预算 Done.

>>> [Target] 同步: 项目预算包 (Level: 1)
    [Layer 0 -> 1] Processing 1 nodes...
    -> 项目预算包 Done.
    [Skip] 跳过: 2025成本中心预算

[02:07:07] >>> ALL DONE! Nodes: 227
[2026/05/06 周三  2:07:07.44] 执行结束 
[2026/05/07 周四  2:00:00.62] 开始执行同步 
>>> [Init] DB Init Success
[02:00:00] >>> Start Sync Task...
    [Token] OK
    [Reset] Clearing old data...
    [Skip] 跳过: 2026板块预算包
    [Skip] 跳过: 2025板块预算包

>>> [Target] 同步: 2026成本中心预算 (Level: 3)
    [Layer 0 -> 1] Processing 1 nodes...
    [Layer 1 -> 2] Processing 54 nodes...
    [Layer 2 -> 3] Processing 171 nodes...
    -> 2026成本中心预算 Done.

>>> [Target] 同步: 项目预算包 (Level: 1)
    [Layer 0 -> 1] Processing 1 nodes...
    -> 项目预算包 Done.
    [Skip] 跳过: 2025成本中心预算

[02:06:29] >>> ALL DONE! Nodes: 227
[2026/05/07 周四  2:06:29.79] 执行结束 
[2026/05/08 周五  2:00:00.72] 开始执行同步 
>>> [Init] DB Init Success
[02:00:01] >>> Start Sync Task...
    [Token] OK
    [Reset] Clearing old data...
    [Skip] 跳过: 2026板块预算包
    [Skip] 跳过: 2025板块预算包

>>> [Target] 同步: 2026成本中心预算 (Level: 3)
    [Layer 0 -> 1] Processing 1 nodes...
    [Layer 1 -> 2] Processing 54 nodes...
    [Layer 2 -> 3] Processing 171 nodes...
    -> 2026成本中心预算 Done.

>>> [Target] 同步: 项目预算包 (Level: 1)
    [Layer 0 -> 1] Processing 1 nodes...
    -> 项目预算包 Done.
    [Skip] 跳过: 2025成本中心预算

[02:06:49] >>> ALL DONE! Nodes: 227
[2026/05/08 周五  2:06:50.02] 执行结束 
[2026/05/09 周六  2:00:00.80] 开始执行同步 
>>> [Init] DB Init Success
[02:00:01] >>> Start Sync Task...
    [Token] OK
    [Reset] Clearing old data...
    [Skip] 跳过: 2026板块预算包
    [Skip] 跳过: 2025板块预算包

>>> [Target] 同步: 2026成本中心预算 (Level: 3)
    [Layer 0 -> 1] Processing 1 nodes...
    [Layer 1 -> 2] Processing 54 nodes...
    [Layer 2 -> 3] Processing 171 nodes...
    -> 2026成本中心预算 Done.

>>> [Target] 同步: 项目预算包 (Level: 1)
    [Layer 0 -> 1] Processing 1 nodes...
    -> 项目预算包 Done.
    [Skip] 跳过: 2025成本中心预算

[02:06:15] >>> ALL DONE! Nodes: 227
[2026/05/09 周六  2:06:15.53] 执行结束 
[2026/05/10 周日  2:00:00.84] 开始执行同步 
>>> [Init] DB Init Success
[02:00:01] >>> Start Sync Task...
    [Token] OK
    [Reset] Clearing old data...
    [Skip] 跳过: 2026板块预算包
    [Skip] 跳过: 2025板块预算包

>>> [Target] 同步: 2026成本中心预算 (Level: 3)
    [Layer 0 -> 1] Processing 1 nodes...
    [Layer 1 -> 2] Processing 54 nodes...
    [Layer 2 -> 3] Processing 171 nodes...
    -> 2026成本中心预算 Done.

>>> [Target] 同步: 项目预算包 (Level: 1)
    [Layer 0 -> 1] Processing 1 nodes...
    -> 项目预算包 Done.
    [Skip] 跳过: 2025成本中心预算

[02:06:13] >>> ALL DONE! Nodes: 227
[2026/05/10 周日  2:06:13.96] 执行结束 
[2026/05/11 周一  2:00:00.86] 开始执行同步 
>>> [Init] DB Init Success
[02:00:01] >>> Start Sync Task...
    [Token] OK
    [Reset] Clearing old data...
    [Skip] 跳过: 2026板块预算包
    [Skip] 跳过: 2025板块预算包

>>> [Target] 同步: 2026成本中心预算 (Level: 3)
    [Layer 0 -> 1] Processing 1 nodes...
    [Layer 1 -> 2] Processing 54 nodes...
    [Layer 2 -> 3] Processing 171 nodes...
    -> 2026成本中心预算 Done.

>>> [Target] 同步: 项目预算包 (Level: 1)
    [Layer 0 -> 1] Processing 1 nodes...
    -> 项目预算包 Done.
    [Skip] 跳过: 2025成本中心预算

[02:06:24] >>> ALL DONE! Nodes: 227
[2026/05/11 周一  2:06:24.29] 执行结束 
[2026/05/12 周二  2:00:00.95] 开始执行同步 
>>> [Init] DB Init Success
[02:00:01] >>> Start Sync Task...
    [Token] OK
    [Reset] Clearing old data...
    [Skip] 跳过: 2026板块预算包
    [Skip] 跳过: 2025板块预算包

>>> [Target] 同步: 2026成本中心预算 (Level: 3)
    [Layer 0 -> 1] Processing 1 nodes...
    [Layer 1 -> 2] Processing 54 nodes...
    [Layer 2 -> 3] Processing 171 nodes...
    -> 2026成本中心预算 Done.

>>> [Target] 同步: 项目预算包 (Level: 1)
    [Layer 0 -> 1] Processing 1 nodes...
    -> 项目预算包 Done.
    [Skip] 跳过: 2025成本中心预算

[02:06:15] >>> ALL DONE! Nodes: 227
[2026/05/12 周二  2:06:15.09] 执行结束 
[2026/05/13 周三  2:00:01.01] 开始执行同步 
>>> [Init] DB Init Success
[02:00:01] >>> Start Sync Task...
    [Token] OK
    [Reset] Clearing old data...
    [Skip] 跳过: 2026板块预算包
    [Skip] 跳过: 2025板块预算包

>>> [Target] 同步: 2026成本中心预算 (Level: 3)
    [Layer 0 -> 1] Processing 1 nodes...
    [Layer 1 -> 2] Processing 54 nodes...
    [Layer 2 -> 3] Processing 171 nodes...
    -> 2026成本中心预算 Done.

>>> [Target] 同步: 项目预算包 (Level: 1)
    [Layer 0 -> 1] Processing 1 nodes...
    -> 项目预算包 Done.
    [Skip] 跳过: 2025成本中心预算

[02:06:29] >>> ALL DONE! Nodes: 227
[2026/05/13 周三  2:06:30.02] 执行结束 
[2026/05/14 周四  2:00:01.06] 开始执行同步 
>>> [Init] DB Init Success
[02:00:01] >>> Start Sync Task...
    [Token] OK
    [Reset] Clearing old data...
    [Skip] 跳过: 2026板块预算包
    [Skip] 跳过: 2025板块预算包

>>> [Target] 同步: 2026成本中心预算 (Level: 3)
    [Layer 0 -> 1] Processing 1 nodes...
    [Layer 1 -> 2] Processing 54 nodes...
    [Layer 2 -> 3] Processing 171 nodes...
    -> 2026成本中心预算 Done.

>>> [Target] 同步: 项目预算包 (Level: 1)
    [Layer 0 -> 1] Processing 1 nodes...
    -> 项目预算包 Done.
    [Skip] 跳过: 2025成本中心预算

[02:06:14] >>> ALL DONE! Nodes: 227
[2026/05/14 周四  2:06:14.65] 执行结束 
[2026/05/15 周五  2:00:01.17] 开始执行同步 
>>> [Init] DB Init Success
[02:00:01] >>> Start Sync Task...
    [Token] OK
    [Reset] Clearing old data...
    [Skip] 跳过: 2026板块预算包
    [Skip] 跳过: 2025板块预算包

>>> [Target] 同步: 2026成本中心预算 (Level: 3)
    [Layer 0 -> 1] Processing 1 nodes...
    [Layer 1 -> 2] Processing 54 nodes...
    [Layer 2 -> 3] Processing 171 nodes...
    -> 2026成本中心预算 Done.

>>> [Target] 同步: 项目预算包 (Level: 1)
    [Layer 0 -> 1] Processing 1 nodes...
    -> 项目预算包 Done.
    [Skip] 跳过: 2025成本中心预算

[02:06:12] >>> ALL DONE! Nodes: 227
[2026/05/15 周五  2:06:12.33] 执行结束 
[2026/05/16 周六  2:00:00.26] 开始执行同步 
>>> [Init] DB Init Success
[02:00:00] >>> Start Sync Task...
    [Token] OK
    [Reset] Clearing old data...
    [Skip] 跳过: 2026板块预算包
    [Skip] 跳过: 2025板块预算包

>>> [Target] 同步: 2026成本中心预算 (Level: 3)
    [Layer 0 -> 1] Processing 1 nodes...
    [Layer 1 -> 2] Processing 54 nodes...
    [Layer 2 -> 3] Processing 171 nodes...
    -> 2026成本中心预算 Done.

>>> [Target] 同步: 项目预算包 (Level: 1)
    [Layer 0 -> 1] Processing 1 nodes...
    -> 项目预算包 Done.
    [Skip] 跳过: 2025成本中心预算

[02:06:24] >>> ALL DONE! Nodes: 227
[2026/05/16 周六  2:06:25.00] 执行结束 
[2026/05/17 周日  2:00:00.35] 开始执行同步 
>>> [Init] DB Init Success
[02:00:00] >>> Start Sync Task...
    [Token] OK
    [Reset] Clearing old data...
    [Skip] 跳过: 2026板块预算包
    [Skip] 跳过: 2025板块预算包

>>> [Target] 同步: 2026成本中心预算 (Level: 3)
    [Layer 0 -> 1] Processing 1 nodes...
    [Layer 1 -> 2] Processing 54 nodes...
    [Layer 2 -> 3] Processing 171 nodes...
    -> 2026成本中心预算 Done.

>>> [Target] 同步: 项目预算包 (Level: 1)
    [Layer 0 -> 1] Processing 1 nodes...
    -> 项目预算包 Done.
    [Skip] 跳过: 2025成本中心预算

[02:06:08] >>> ALL DONE! Nodes: 227
[2026/05/17 周日  2:06:08.23] 执行结束 
[2026/05/18 周一  2:00:00.36] 开始执行同步 
>>> [Init] DB Init Success
[02:00:00] >>> Start Sync Task...
    [Token] OK
    [Reset] Clearing old data...
    [Skip] 跳过: 2026板块预算包
    [Skip] 跳过: 2025板块预算包

>>> [Target] 同步: 2026成本中心预算 (Level: 3)
    [Layer 0 -> 1] Processing 1 nodes...
    [Layer 1 -> 2] Processing 54 nodes...
    [Layer 2 -> 3] Processing 171 nodes...
    -> 2026成本中心预算 Done.

>>> [Target] 同步: 项目预算包 (Level: 1)
    [Layer 0 -> 1] Processing 1 nodes...
    -> 项目预算包 Done.
    [Skip] 跳过: 2025成本中心预算

[02:06:16] >>> ALL DONE! Nodes: 227
[2026/05/18 周一  2:06:16.65] 执行结束 
[2026/05/19 周二  2:00:00.48] 开始执行同步 
>>> [Init] DB Init Success
[02:00:00] >>> Start Sync Task...
    [Token] OK
    [Reset] Clearing old data...
    [Skip] 跳过: 2026板块预算包
    [Skip] 跳过: 2025板块预算包

>>> [Target] 同步: 2026成本中心预算 (Level: 3)
    [Layer 0 -> 1] Processing 1 nodes...
    [Layer 1 -> 2] Processing 55 nodes...
    [Layer 2 -> 3] Processing 174 nodes...
    -> 2026成本中心预算 Done.

>>> [Target] 同步: 项目预算包 (Level: 1)
    [Layer 0 -> 1] Processing 1 nodes...
    -> 项目预算包 Done.
    [Skip] 跳过: 2025成本中心预算

[02:06:17] >>> ALL DONE! Nodes: 231
[2026/05/19 周二  2:06:17.24] 执行结束 
[2026/05/20 周三  2:00:00.56] 开始执行同步 
>>> [Init] DB Init Success
[02:00:00] >>> Start Sync Task...
    [Token] OK
    [Reset] Clearing old data...
    [Skip] 跳过: 2026板块预算包
    [Skip] 跳过: 项目预算

>>> [Target] 同步: 2026成本中心预算包 (Level: 3)
    [Layer 0 -> 1] Processing 1 nodes...
    [Layer 1 -> 2] Processing 56 nodes...
    [Layer 2 -> 3] Processing 185 nodes...
    -> 2026成本中心预算包 Done.
    [Skip] 跳过: 2025板块预算包

>>> [Target] 同步: 项目预算包 (Level: 1)
    [Layer 0 -> 1] Processing 1 nodes...
    -> 项目预算包 Done.
    [Skip] 跳过: 2025成本中心预算

[02:06:25] >>> ALL DONE! Nodes: 243
[2026/05/20 周三  2:06:25.98] 执行结束 
