2026/05/20 23:06:43 配置加载成功: 端口=8000, 合思主机=https://app.ekuaibao.com
2026/05/20 23:06:43 [Init] 开始后台同步预算数据...
2026/05/20 23:06:43 [Web] 管理页面已启用: http://localhost:8000
2026/05/20 23:06:43 [Sync] 开始同步预算数据... (并发数: 10)
2026/05/20 23:06:43 服务启动: 0.0.0.0:8000
2026/05/20 23:06:43 [Sync] Token OK
2026/05/20 23:06:43 [Sync] 同步完成! 耗时: 259.9465ms, 总维度条目: 0
2026/05/20 23:06:43 [Init] 首次同步完成，开始消费队列
2026/05/20 23:13:40 配置加载成功: 端口=8000, 合思主机=https://app.ekuaibao.com
2026/05/20 23:13:40 [Init] 开始后台同步预算数据...
2026/05/20 23:13:40 [Web] 管理页面已启用: http://localhost:8000
2026/05/20 23:13:40 服务启动: 0.0.0.0:8000
2026/05/20 23:13:40 [Sync] 开始同步预算数据... (并发数: 10)
2026/05/20 23:13:41 [Sync] Token OK
2026/05/20 23:13:41     [Skip] 跳过: 2026板块预算包
2026/05/20 23:13:41     [Skip] 跳过: 项目预算
2026/05/20 23:13:41 [Sync] 同步: 2026成本中心预算包 (深度: 99)
2026/05/20 23:13:42     根节点子项总量: 55
2026/05/20 23:13:42     [Layer 2] 钻取 55 个节点...
2026/05/20 23:16:55 配置加载成功: 端口=8000, 合思主机=https://app.ekuaibao.com
2026/05/20 23:16:55 [Init] 开始后台同步预算数据...
2026/05/20 23:16:55 [Web] 管理页面已启用: http://localhost:8000
2026/05/20 23:16:55 [Sync] 开始同步预算数据... (并发数: 10)
2026/05/20 23:16:55 服务启动: 0.0.0.0:8000
2026/05/20 23:16:55 [Sync] Token OK
2026/05/20 23:16:57     [Skip] 跳过: 2026板块预算包
2026/05/20 23:16:57     [Skip] 跳过: 项目预算
2026/05/20 23:16:57 [Sync] 同步: 2026成本中心预算包 (深度: 99)
2026/05/20 23:16:58     根节点子项总量: 55
2026/05/20 23:16:58     [Layer 2] 钻取 55 个节点...
2026/05/20 23:17:00     [Layer 3] 钻取 74 个节点...
2026/05/20 23:17:01     -> 2026成本中心预算包 完成, 维度条目: 88
2026/05/20 23:17:01     [Skip] 跳过: 2025板块预算包
2026/05/20 23:17:01 [Sync] 同步: 项目预算包 (深度: 99)
2026/05/20 23:17:37     根节点子项总量: 49221
2026/05/20 23:17:37     [Layer 2] 钻取 1328 个节点...
2026/05/20 23:18:00     -> 项目预算包 完成, 维度条目: 49316
2026/05/20 23:18:00     [Skip] 跳过: 2025成本中心预算
2026/05/20 23:18:00 [Sync] 同步完成! 耗时: 1m4.96400475s, 总维度条目: 49316
2026/05/20 23:18:00 [Init] 首次同步完成，开始消费队列
2026/05/20 23:18:20 [API] 收到手动同步请求
2026/05/20 23:18:20 [Sync] 开始同步预算数据... (并发数: 10)
2026/05/20 23:18:20 [Sync] Token OK
2026/05/20 23:18:20     [Skip] 跳过: 2026板块预算包
2026/05/20 23:18:20     [Skip] 跳过: 项目预算
2026/05/20 23:18:20 [Sync] 同步: 2026成本中心预算包 (深度: 99)
2026/05/20 23:18:21     根节点子项总量: 55
2026/05/20 23:18:21     [Layer 2] 钻取 55 个节点...
2026/05/20 23:18:22     [Layer 3] 钻取 74 个节点...
2026/05/20 23:18:23     -> 2026成本中心预算包 完成, 维度条目: 88
2026/05/20 23:18:23     [Skip] 跳过: 2025板块预算包
2026/05/20 23:18:23 [Sync] 同步: 项目预算包 (深度: 99)
