2026/05/21 00:02:45 配置加载成功: 端口=8000, 合思主机=https://app.ekuaibao.com
2026/05/21 00:02:45 [Init] 开始后台同步预算数据...
2026/05/21 00:02:45 [Web] 管理页面已启用: http://localhost:8000
2026/05/21 00:02:45 服务启动: 0.0.0.0:8000
2026/05/21 00:02:45 [Sync] 开始同步预算数据... (并发数: 10)
2026/05/21 00:02:45 [Sync] Token OK
2026/05/21 00:02:46     [Skip] 跳过: 2026板块预算包
2026/05/21 00:02:46     [Skip] 跳过: 项目预算
2026/05/21 00:02:46 [Sync] 同步: 2026成本中心预算包 (深度: 99)
2026/05/21 00:02:47     根节点子项总量: 55
2026/05/21 00:02:47     [Layer 1] 根节点 55 个, 当前总条目: 55
2026/05/21 00:02:47     [Layer 2] 钻取 55 个节点... 当前总条目: 55
2026/05/21 00:02:51     [Layer 3] 钻取 74 个节点... 当前总条目: 57
2026/05/21 00:02:53     -> 2026成本中心预算包 完成, 当前总条目: 88
2026/05/21 00:02:53     [Skip] 跳过: 2025板块预算包
2026/05/21 00:02:53 [Sync] 同步: 项目预算包 (深度: 99)
2026/05/21 00:03:30     根节点子项总量: 49221
2026/05/21 00:03:30     [Layer 1] 根节点 49221 个, 当前总条目: 49309
2026/05/21 00:03:30     [Layer 2] 钻取 1328 个节点... 当前总条目: 49309
2026/05/21 00:03:54     -> 项目预算包 完成, 当前总条目: 49316
2026/05/21 00:03:54     [Skip] 跳过: 2025成本中心预算
2026/05/21 00:03:54 [Sync] 同步完成! 耗时: 1m8.9042545s, 总维度条目: 49316
2026/05/21 00:03:54 [Init] 首次同步完成，开始消费队列
2026/05/21 00:04:38 [Webhook] 入队: taskID=260521-627a22-001509 code=B26001509 flowId=ID01T5gpY30X5d nodeId=FLOW:1357809991:1128586113
2026/05/21 00:04:38 [Consumer] 开始处理: taskID=260521-627a22-001509 code=B26001509
2026/05/21 00:04:39 [Consumer] 单据 B26001509: 费用性质=ID01LPDfjPcnyn(生产) 成本中心=ID01LZKkfIeObZ 项目=ID01LZNMPNhNjp 明细数=1
2026/05/21 00:04:39 [Consumer] 校验结果: taskID=260521-627a22-001509 action=refuse comment=成本中心不在项目预算内
2026/05/21 00:04:39 [Consumer] 审批回调成功: flowID=ID01T5gpY30X5d action=refuse
2026/05/21 00:04:39 [Consumer] 处理完成: taskID=260521-627a22-001509
2026/05/21 00:13:26 配置加载成功: 端口=8000, 合思主机=https://app.ekuaibao.com
2026/05/21 00:13:26 [Init] 开始后台同步预算数据...
2026/05/21 00:13:26 [Sync] 开始同步预算数据... (并发数: 10)
2026/05/21 00:13:26 [Web] 管理页面已启用: http://localhost:8000
2026/05/21 00:13:26 服务启动: 0.0.0.0:8000
2026/05/21 00:13:27 [Sync] Token OK
2026/05/21 00:13:28     [Skip] 跳过: 2026板块预算包
2026/05/21 00:13:28     [Skip] 跳过: 项目预算
2026/05/21 00:13:28 [Sync] 同步: 2026成本中心预算包 (深度: 99)
2026/05/21 00:13:29     根节点子项总量: 55
2026/05/21 00:13:29     [Layer 1] 根节点 55 个, 当前总条目: 55
2026/05/21 00:13:29     [Layer 2] 钻取 55 个节点... 当前总条目: 55
2026/05/21 00:13:33     [Layer 3] 钻取 74 个节点... 当前总条目: 57
2026/05/21 00:13:35     -> 2026成本中心预算包 完成, 当前总条目: 88
2026/05/21 00:13:35     [Skip] 跳过: 2025板块预算包
2026/05/21 00:13:35 [Sync] 同步: 项目预算包 (深度: 99)
2026/05/21 00:14:12     根节点子项总量: 49221
2026/05/21 00:14:12     [Layer 1] 根节点 49221 个, 当前总条目: 49309
2026/05/21 00:14:12     [Layer 2] 钻取 1328 个节点... 当前总条目: 49309
2026/05/21 00:14:35     -> 项目预算包 完成, 当前总条目: 49316
2026/05/21 00:14:35     [Skip] 跳过: 2025成本中心预算
2026/05/21 00:14:35 [Sync] 同步完成! 耗时: 1m8.7686735s, 总维度条目: 49316
2026/05/21 00:14:35 [Init] 首次同步完成，开始消费队列
2026/05/21 00:15:09 [Webhook] 入队: taskID=260521-73df55-001541 code=B26001541 flowId=ID01T6KNgw78XJ nodeId=FLOW:1357809991:1128586113
2026/05/21 00:15:09 [Consumer] 开始处理: taskID=260521-73df55-001541 code=B26001541
2026/05/21 00:15:09 [Webhook] 入队: taskID=260521-714e53-001509 code=B26001509 flowId=ID01T5gpY30X5d nodeId=FLOW:1357809991:1128586113
2026/05/21 00:15:09 [Consumer] 单据 B26001541: 费用性质=ID01LPDisfN3qv(管理) 成本中心=ID01LZKkfIfdev 项目=ID01OdfFNdNJqD 明细数=3
2026/05/21 00:15:09 [Consumer] 校验结果: taskID=260521-73df55-001541 action=refuse comment=费用档案不在预算内: 明细1(ID01LKm8LXqsCr)、明细2(ID01LKm8LXqsCr)、明细3(ID01LKm8LXqsCr)
2026/05/21 00:15:10 [Consumer] 审批回调成功: flowID=ID01T6KNgw78XJ action=refuse
2026/05/21 00:15:10 [Consumer] 处理完成: taskID=260521-73df55-001541
2026/05/21 00:15:10 [Consumer] 开始处理: taskID=260521-714e53-001509 code=B26001509
2026/05/21 00:15:10 [Consumer] 单据 B26001509: 费用性质=ID01LPDfjPcnyn(生产) 成本中心=ID01LZKkfIeObZ 项目=ID01LZNMPNhNjp 明细数=1
2026/05/21 00:15:10 [Consumer] 校验结果: taskID=260521-714e53-001509 action=accept comment=项目+成本中心+费用档案全部在预算内
2026/05/21 00:15:10 [Consumer] 审批回调成功: flowID=ID01T5gpY30X5d action=accept
2026/05/21 00:15:10 [Consumer] 处理完成: taskID=260521-714e53-001509
2026/05/21 00:16:28 配置加载成功: 端口=8000, 合思主机=https://app.ekuaibao.com
2026/05/21 00:16:28 [Init] 开始后台同步预算数据...
2026/05/21 00:16:28 [Web] 管理页面已启用: http://localhost:8000
2026/05/21 00:16:28 服务启动: 0.0.0.0:8000
2026/05/21 00:16:28 [Sync] 开始同步预算数据... (并发数: 10)
2026/05/21 00:16:28 [Sync] Token OK
2026/05/21 00:16:29     [Skip] 跳过: 2026板块预算包
2026/05/21 00:16:29     [Skip] 跳过: 项目预算
2026/05/21 00:16:29 [Sync] 同步: 2026成本中心预算包 (深度: 99)
2026/05/21 00:16:29     根节点子项总量: 55
2026/05/21 00:16:29     [Layer 1] 根节点 55 个, 当前总条目: 55
2026/05/21 00:16:29     [Layer 2] 钻取 55 个节点... 当前总条目: 55
2026/05/21 00:16:30     [Layer 3] 钻取 74 个节点... 当前总条目: 57
2026/05/21 00:16:32     -> 2026成本中心预算包 完成, 当前总条目: 88
2026/05/21 00:16:32     [Skip] 跳过: 2025板块预算包
2026/05/21 00:16:32 [Sync] 同步: 项目预算包 (深度: 99)
2026/05/21 00:17:08     根节点子项总量: 49221
2026/05/21 00:17:08     [Layer 1] 根节点 49221 个, 当前总条目: 49309
2026/05/21 00:17:08     [Layer 2] 钻取 1328 个节点... 当前总条目: 49309
2026/05/21 00:17:31     -> 项目预算包 完成, 当前总条目: 49316
2026/05/21 00:17:31     [Skip] 跳过: 2025成本中心预算
2026/05/21 00:17:31 [Sync] 同步完成! 耗时: 1m3.219839167s, 总维度条目: 49316
2026/05/21 00:17:31 [Init] 首次同步完成，开始消费队列
2026/05/21 00:18:07 [Webhook] 入队: taskID=260521-5365c8-001541 code=B26001541 flowId=ID01T6KNgw78XJ nodeId=FLOW:1357809991:1128586113
2026/05/21 00:18:07 [Consumer] 开始处理: taskID=260521-5365c8-001541 code=B26001541
2026/05/21 00:18:07 [Consumer] 单据 B26001541: 费用性质=ID01LPDisfN3qv(管理) 成本中心=ID01LZKkfIfdev 项目=ID01OdfFNdNJqD 明细数=3
2026/05/21 00:18:07 [Consumer] 校验结果: taskID=260521-5365c8-001541 action=refuse comment=费用档案不在预算内: 明细1(ID01LKm8LXqsCr)、明细2(ID01LKm8LXqsCr)、明细3(ID01LKm8LXqsCr)
2026/05/21 00:18:07 [Consumer] 审批回调成功: flowID=ID01T6KNgw78XJ action=refuse
2026/05/21 00:18:07 [Consumer] 处理完成: taskID=260521-5365c8-001541
2026/05/21 00:24:33 配置加载成功: 端口=8000, 合思主机=https://app.ekuaibao.com
2026/05/21 00:24:33 [Init] 开始后台同步预算数据...
2026/05/21 00:24:33 [Sync] 开始同步预算数据... (并发数: 10)
2026/05/21 00:24:33 [Web] 管理页面已启用: http://localhost:8000
2026/05/21 00:24:33 服务启动: 0.0.0.0:8000
2026/05/21 00:24:33 [Sync] Token OK
2026/05/21 00:24:34     [Skip] 跳过: 2026板块预算包
2026/05/21 00:24:34     [Skip] 跳过: 项目预算
2026/05/21 00:24:34 [Sync] 同步: 2026成本中心预算包 (深度: 99)
2026/05/21 00:24:35     根节点子项总量: 55
2026/05/21 00:24:35     [Layer 1] 根节点 55 个, 当前总条目: 55
2026/05/21 00:24:35     [Layer 2] 钻取 55 个节点... 当前总条目: 55
2026/05/21 00:24:39     [Layer 3] 钻取 74 个节点... 当前总条目: 57
2026/05/21 00:24:41     -> 2026成本中心预算包 完成, 当前总条目: 88
2026/05/21 00:24:41     [Skip] 跳过: 2025板块预算包
2026/05/21 00:24:41 [Sync] 同步: 项目预算包 (深度: 99)
2026/05/21 00:25:16     根节点子项总量: 49221
2026/05/21 00:25:16     [Layer 1] 根节点 49221 个, 当前总条目: 49309
2026/05/21 00:25:16     [Layer 2] 钻取 1328 个节点... 当前总条目: 49309
2026/05/21 00:25:40     -> 项目预算包 完成, 当前总条目: 49316
2026/05/21 00:25:40     [Skip] 跳过: 2025成本中心预算
2026/05/21 00:25:40 [Sync] 同步完成! 耗时: 1m6.99698025s, 总维度条目: 49316
2026/05/21 00:25:40 [Init] 首次同步完成，开始消费队列
2026/05/21 00:26:02 [Webhook] 入队: taskID=260521-2f7ba0-001541 code=B26001541 flowId=ID01T6KNgw78XJ nodeId=FLOW:1357809991:1128586113
2026/05/21 00:26:02 [Consumer] 开始处理: taskID=260521-2f7ba0-001541 code=B26001541
2026/05/21 00:26:02 [Consumer] 单据 B26001541: 费用性质=ID01LPDisfN3qv(管理) 成本中心=ID01LZKkfIfdev 项目=ID01OdfFNdNJqD 明细数=3
2026/05/21 00:26:02 [Consumer] 成本中心 ID01LZKkfIfdev 命中祖先 ID01LZKkfIfa2j
2026/05/21 00:26:02 [Consumer] 成本中心节点 Children 数量: 2
2026/05/21 00:26:02 [Consumer] 预算管控节点 Children 数量: 2
2026/05/21 00:26:02 [Consumer] 校验结果: taskID=260521-2f7ba0-001541 action=refuse comment=费用档案不在预算内: 明细1(ID01LKm8LXqsCr)、明细2(ID01LKm8LXqsCr)、明细3(ID01LKm8LXqsCr)
2026/05/21 00:26:02 [Consumer] 审批回调成功: flowID=ID01T6KNgw78XJ action=refuse
2026/05/21 00:26:02 [Consumer] 处理完成: taskID=260521-2f7ba0-001541
2026/05/21 00:26:58 配置加载成功: 端口=8000, 合思主机=https://app.ekuaibao.com
2026/05/21 00:26:58 [Init] 开始后台同步预算数据...
2026/05/21 00:26:58 [Web] 管理页面已启用: http://localhost:8000
2026/05/21 00:26:58 服务启动: 0.0.0.0:8000
2026/05/21 00:26:58 [Sync] 开始同步预算数据... (并发数: 10)
2026/05/21 00:26:58 [Sync] Token OK
2026/05/21 00:26:59     [Skip] 跳过: 2026板块预算包
2026/05/21 00:26:59     [Skip] 跳过: 项目预算
2026/05/21 00:26:59 [Sync] 同步: 2026成本中心预算包 (深度: 99)
2026/05/21 00:27:00     根节点子项总量: 55
2026/05/21 00:27:00     [Layer 1] 根节点 55 个, 当前总条目: 55
2026/05/21 00:27:00     [Layer 2] 钻取 55 个节点... 当前总条目: 55
2026/05/21 00:27:01     [Layer 3] 钻取 74 个节点... 当前总条目: 57
2026/05/21 00:27:02     -> 2026成本中心预算包 完成, 当前总条目: 88
2026/05/21 00:27:02     [Skip] 跳过: 2025板块预算包
2026/05/21 00:27:02 [Sync] 同步: 项目预算包 (深度: 99)
2026/05/21 00:27:39     根节点子项总量: 49221
2026/05/21 00:27:39     [Layer 1] 根节点 49221 个, 当前总条目: 49309
2026/05/21 00:27:39     [Layer 2] 钻取 1328 个节点... 当前总条目: 49309
2026/05/21 00:28:02     -> 项目预算包 完成, 当前总条目: 49316
2026/05/21 00:28:02     [Skip] 跳过: 2025成本中心预算
2026/05/21 00:28:02 [Sync] 同步完成! 耗时: 1m3.546953667s, 总维度条目: 49316
2026/05/21 00:28:02 [Init] 首次同步完成，开始消费队列
2026/05/21 00:28:27 [Webhook] 入队: taskID=260521-4a62be-001541 code=B26001541 flowId=ID01T6KNgw78XJ nodeId=FLOW:1357809991:1128586113
2026/05/21 00:28:27 [Consumer] 开始处理: taskID=260521-4a62be-001541 code=B26001541
2026/05/21 00:28:27 [Consumer] 单据 B26001541: 费用性质=ID01LPDisfN3qv(管理) 成本中心=ID01LZKkfIfdev 项目=ID01OdfFNdNJqD 明细数=3
2026/05/21 00:28:27 [Consumer] 成本中心 ID01LZKkfIfdev 命中祖先 ID01LZKkfIfa2j
2026/05/21 00:28:27 [Consumer] 费用档案总数: 18
2026/05/21 00:28:27 [Consumer] 校验结果: taskID=260521-4a62be-001541 action=accept comment=成本中心+费用档案在预算内
2026/05/21 00:28:27 [Consumer] 审批回调成功: flowID=ID01T6KNgw78XJ action=accept
2026/05/21 00:28:27 [Consumer] 处理完成: taskID=260521-4a62be-001541
